<?xml version="1.0" encoding="UTF-8"?>
<testsuite xmlns:xsi="http://www.w3.org/2001/XMLSchema-instance" xsi:noNamespaceSchemaLocation="https://maven.apache.org/surefire/maven-surefire-plugin/xsd/surefire-test-report-3.0.xsd" version="3.0" name="com.openclassrooms.SafetyNetAlerts.integrationtests.ApiIntegrationTest" time="0.716" tests="8" errors="0" skipped="0" failures="0">
  <properties>
    <property name="java.specification.version" value="24"/>
    <property name="sun.cpu.isalist" value="amd64"/>
    <property name="sun.jnu.encoding" value="Cp1252"/>
    <property name="java.class.path" value="C:\Users\Marine\IdeaProjects\Tissier-Marine-Projet-5\target\test-classes;C:\Users\Marine\IdeaProjects\Tissier-Marine-Projet-5\target\classes;C:\Users\Marine\.m2\repository\org\springframework\boot\spring-boot-starter-web\3.5.3\spring-boot-starter-web-3.5.3.jar;C:\Users\Marine\.m2\repository\org\springframework\boot\spring-boot-starter\3.5.3\spring-boot-starter-3.5.3.jar;C:\Users\Marine\.m2\repository\org\springframework\boot\spring-boot\3.5.3\spring-boot-3.5.3.jar;C:\Users\Marine\.m2\repository\org\springframework\boot\spring-boot-autoconfigure\3.5.3\spring-boot-autoconfigure-3.5.3.jar;C:\Users\Marine\.m2\repository\org\springframework\boot\spring-boot-starter-logging\3.5.3\spring-boot-starter-logging-3.5.3.jar;C:\Users\Marine\.m2\repository\ch\qos\logback\logback-classic\1.5.18\logback-classic-1.5.18.jar;C:\Users\Marine\.m2\repository\ch\qos\logback\logback-core\1.5.18\logback-core-1.5.18.jar;C:\Users\Marine\.m2\repository\org\apache\logging\log4j\log4j-to-slf4j\2.24.3\log4j-to-slf4j-2.24.3.jar;C:\Users\Marine\.m2\repository\org\apache\logging\log4j\log4j-api\2.24.3\log4j-api-2.24.3.jar;C:\Users\Marine\.m2\repository\org\slf4j\jul-to-slf4j\2.0.17\jul-to-slf4j-2.0.17.jar;C:\Users\Marine\.m2\repository\jakarta\annotation\jakarta.annotation-api\2.1.1\jakarta.annotation-api-2.1.1.jar;C:\Users\Marine\.m2\repository\org\yaml\snakeyaml\2.4\snakeyaml-2.4.jar;C:\Users\Marine\.m2\repository\org\springframework\boot\spring-boot-starter-json\3.5.3\spring-boot-starter-json-3.5.3.jar;C:\Users\Marine\.m2\repository\com\fasterxml\jackson\core\jackson-databind\2.19.1\jackson-databind-2.19.1.jar;C:\Users\Marine\.m2\repository\com\fasterxml\jackson\core\jackson-annotations\2.19.1\jackson-annotations-2.19.1.jar;C:\Users\Marine\.m2\repository\com\fasterxml\jackson\core\jackson-core\2.19.1\jackson-core-2.19.1.jar;C:\Users\Marine\.m2\repository\com\fasterxml\jackson\datatype\jackson-datatype-jdk8\2.19.1\jackson-datatype-jdk8-2.19.1.jar;C:\Users\Marine\.m2\repository\com\fasterxml\jackson\datatype\jackson-datatype-jsr310\2.19.1\jackson-datatype-jsr310-2.19.1.jar;C:\Users\Marine\.m2\repository\com\fasterxml\jackson\module\jackson-module-parameter-names\2.19.1\jackson-module-parameter-names-2.19.1.jar;C:\Users\Marine\.m2\repository\org\springframework\boot\spring-boot-starter-tomcat\3.5.3\spring-boot-starter-tomcat-3.5.3.jar;C:\Users\Marine\.m2\repository\org\apache\tomcat\embed\tomcat-embed-core\10.1.42\tomcat-embed-core-10.1.42.jar;C:\Users\Marine\.m2\repository\org\apache\tomcat\embed\tomcat-embed-el\10.1.42\tomcat-embed-el-10.1.42.jar;C:\Users\Marine\.m2\repository\org\apache\tomcat\embed\tomcat-embed-websocket\10.1.42\tomcat-embed-websocket-10.1.42.jar;C:\Users\Marine\.m2\repository\org\springframework\spring-web\6.2.8\spring-web-6.2.8.jar;C:\Users\Marine\.m2\repository\org\springframework\spring-beans\6.2.8\spring-beans-6.2.8.jar;C:\Users\Marine\.m2\repository\io\micrometer\micrometer-observation\1.15.1\micrometer-observation-1.15.1.jar;C:\Users\Marine\.m2\repository\io\micrometer\micrometer-commons\1.15.1\micrometer-commons-1.15.1.jar;C:\Users\Marine\.m2\repository\org\springframework\spring-webmvc\6.2.8\spring-webmvc-6.2.8.jar;C:\Users\Marine\.m2\repository\org\springframework\spring-aop\6.2.8\spring-aop-6.2.8.jar;C:\Users\Marine\.m2\repository\org\springframework\spring-context\6.2.8\spring-context-6.2.8.jar;C:\Users\Marine\.m2\repository\org\springframework\spring-expression\6.2.8\spring-expression-6.2.8.jar;C:\Users\Marine\.m2\repository\org\projectlombok\lombok\1.18.38\lombok-1.18.38.jar;C:\Users\Marine\.m2\repository\org\springframework\boot\spring-boot-starter-test\3.5.3\spring-boot-starter-test-3.5.3.jar;C:\Users\Marine\.m2\repository\org\springframework\boot\spring-boot-test\3.5.3\spring-boot-test-3.5.3.jar;C:\Users\Marine\.m2\repository\org\springframework\boot\spring-boot-test-autoconfigure\3.5.3\spring-boot-test-autoconfigure-3.5.3.jar;C:\Users\Marine\.m2\repository\com\jayway\jsonpath\json-path\2.9.0\json-path-2.9.0.jar;C:\Users\Marine\.m2\repository\org\slf4j\slf4j-api\2.0.17\slf4j-api-2.0.17.jar;C:\Users\Marine\.m2\repository\jakarta\xml\bind\jakarta.xml.bind-api\4.0.2\jakarta.xml.bind-api-4.0.2.jar;C:\Users\Marine\.m2\repository\jakarta\activation\jakarta.activation-api\2.1.3\jakarta.activation-api-2.1.3.jar;C:\Users\Marine\.m2\repository\net\minidev\json-smart\2.5.2\json-smart-2.5.2.jar;C:\Users\Marine\.m2\repository\net\minidev\accessors-smart\2.5.2\accessors-smart-2.5.2.jar;C:\Users\Marine\.m2\repository\org\ow2\asm\asm\9.7.1\asm-9.7.1.jar;C:\Users\Marine\.m2\repository\org\assertj\assertj-core\3.27.3\assertj-core-3.27.3.jar;C:\Users\Marine\.m2\repository\net\bytebuddy\byte-buddy\1.17.6\byte-buddy-1.17.6.jar;C:\Users\Marine\.m2\repository\org\awaitility\awaitility\4.2.2\awaitility-4.2.2.jar;C:\Users\Marine\.m2\repository\org\hamcrest\hamcrest\3.0\hamcrest-3.0.jar;C:\Users\Marine\.m2\repository\org\junit\jupiter\junit-jupiter\5.12.2\junit-jupiter-5.12.2.jar;C:\Users\Marine\.m2\repository\org\junit\jupiter\junit-jupiter-api\5.12.2\junit-jupiter-api-5.12.2.jar;C:\Users\Marine\.m2\repository\org\opentest4j\opentest4j\1.3.0\opentest4j-1.3.0.jar;C:\Users\Marine\.m2\repository\org\junit\platform\junit-platform-commons\1.12.2\junit-platform-commons-1.12.2.jar;C:\Users\Marine\.m2\repository\org\apiguardian\apiguardian-api\1.1.2\apiguardian-api-1.1.2.jar;C:\Users\Marine\.m2\repository\org\junit\jupiter\junit-jupiter-params\5.12.2\junit-jupiter-params-5.12.2.jar;C:\Users\Marine\.m2\repository\org\junit\jupiter\junit-jupiter-engine\5.12.2\junit-jupiter-engine-5.12.2.jar;C:\Users\Marine\.m2\repository\org\junit\platform\junit-platform-engine\1.12.2\junit-platform-engine-1.12.2.jar;C:\Users\Marine\.m2\repository\org\mockito\mockito-core\5.17.0\mockito-core-5.17.0.jar;C:\Users\Marine\.m2\repository\net\bytebuddy\byte-buddy-agent\1.17.6\byte-buddy-agent-1.17.6.jar;C:\Users\Marine\.m2\repository\org\objenesis\objenesis\3.3\objenesis-3.3.jar;C:\Users\Marine\.m2\repository\org\mockito\mockito-junit-jupiter\5.17.0\mockito-junit-jupiter-5.17.0.jar;C:\Users\Marine\.m2\repository\org\skyscreamer\jsonassert\1.5.3\jsonassert-1.5.3.jar;C:\Users\Marine\.m2\repository\com\vaadin\external\google\android-json\0.0.20131108.vaadin1\android-json-0.0.20131108.vaadin1.jar;C:\Users\Marine\.m2\repository\org\springframework\spring-core\6.2.8\spring-core-6.2.8.jar;C:\Users\Marine\.m2\repository\org\springframework\spring-jcl\6.2.8\spring-jcl-6.2.8.jar;C:\Users\Marine\.m2\repository\org\springframework\spring-test\6.2.8\spring-test-6.2.8.jar;C:\Users\Marine\.m2\repository\org\xmlunit\xmlunit-core\2.10.2\xmlunit-core-2.10.2.jar;"/>
    <property name="java.vm.vendor" value="Oracle Corporation"/>
    <property name="sun.arch.data.model" value="64"/>
    <property name="user.variant" value=""/>
    <property name="java.vendor.url" value="https://java.oracle.com/"/>
    <property name="user.timezone" value="Europe/Paris"/>
    <property name="os.name" value="Windows 11"/>
    <property name="java.vm.specification.version" value="24"/>
    <property name="APPLICATION_NAME" value="SafetyNetAlerts"/>
    <property name="sun.java.launcher" value="SUN_STANDARD"/>
    <property name="user.country" value="FR"/>
    <property name="sun.boot.library.path" value="C:\Program Files\Java\jdk-24\bin"/>
    <property name="sun.java.command" value="C:\Users\Marine\AppData\Local\Temp\surefire4048044335601496073\surefirebooter-20250908180812167_3.jar C:\Users\Marine\AppData\Local\Temp\surefire4048044335601496073 2025-09-08T18-08-12_065-jvmRun1 surefire-20250908180812167_1tmp surefire_0-20250908180812167_2tmp"/>
    <property name="jdk.debug" value="release"/>
    <property name="surefire.test.class.path" value="C:\Users\Marine\IdeaProjects\Tissier-Marine-Projet-5\target\test-classes;C:\Users\Marine\IdeaProjects\Tissier-Marine-Projet-5\target\classes;C:\Users\Marine\.m2\repository\org\springframework\boot\spring-boot-starter-web\3.5.3\spring-boot-starter-web-3.5.3.jar;C:\Users\Marine\.m2\repository\org\springframework\boot\spring-boot-starter\3.5.3\spring-boot-starter-3.5.3.jar;C:\Users\Marine\.m2\repository\org\springframework\boot\spring-boot\3.5.3\spring-boot-3.5.3.jar;C:\Users\Marine\.m2\repository\org\springframework\boot\spring-boot-autoconfigure\3.5.3\spring-boot-autoconfigure-3.5.3.jar;C:\Users\Marine\.m2\repository\org\springframework\boot\spring-boot-starter-logging\3.5.3\spring-boot-starter-logging-3.5.3.jar;C:\Users\Marine\.m2\repository\ch\qos\logback\logback-classic\1.5.18\logback-classic-1.5.18.jar;C:\Users\Marine\.m2\repository\ch\qos\logback\logback-core\1.5.18\logback-core-1.5.18.jar;C:\Users\Marine\.m2\repository\org\apache\logging\log4j\log4j-to-slf4j\2.24.3\log4j-to-slf4j-2.24.3.jar;C:\Users\Marine\.m2\repository\org\apache\logging\log4j\log4j-api\2.24.3\log4j-api-2.24.3.jar;C:\Users\Marine\.m2\repository\org\slf4j\jul-to-slf4j\2.0.17\jul-to-slf4j-2.0.17.jar;C:\Users\Marine\.m2\repository\jakarta\annotation\jakarta.annotation-api\2.1.1\jakarta.annotation-api-2.1.1.jar;C:\Users\Marine\.m2\repository\org\yaml\snakeyaml\2.4\snakeyaml-2.4.jar;C:\Users\Marine\.m2\repository\org\springframework\boot\spring-boot-starter-json\3.5.3\spring-boot-starter-json-3.5.3.jar;C:\Users\Marine\.m2\repository\com\fasterxml\jackson\core\jackson-databind\2.19.1\jackson-databind-2.19.1.jar;C:\Users\Marine\.m2\repository\com\fasterxml\jackson\core\jackson-annotations\2.19.1\jackson-annotations-2.19.1.jar;C:\Users\Marine\.m2\repository\com\fasterxml\jackson\core\jackson-core\2.19.1\jackson-core-2.19.1.jar;C:\Users\Marine\.m2\repository\com\fasterxml\jackson\datatype\jackson-datatype-jdk8\2.19.1\jackson-datatype-jdk8-2.19.1.jar;C:\Users\Marine\.m2\repository\com\fasterxml\jackson\datatype\jackson-datatype-jsr310\2.19.1\jackson-datatype-jsr310-2.19.1.jar;C:\Users\Marine\.m2\repository\com\fasterxml\jackson\module\jackson-module-parameter-names\2.19.1\jackson-module-parameter-names-2.19.1.jar;C:\Users\Marine\.m2\repository\org\springframework\boot\spring-boot-starter-tomcat\3.5.3\spring-boot-starter-tomcat-3.5.3.jar;C:\Users\Marine\.m2\repository\org\apache\tomcat\embed\tomcat-embed-core\10.1.42\tomcat-embed-core-10.1.42.jar;C:\Users\Marine\.m2\repository\org\apache\tomcat\embed\tomcat-embed-el\10.1.42\tomcat-embed-el-10.1.42.jar;C:\Users\Marine\.m2\repository\org\apache\tomcat\embed\tomcat-embed-websocket\10.1.42\tomcat-embed-websocket-10.1.42.jar;C:\Users\Marine\.m2\repository\org\springframework\spring-web\6.2.8\spring-web-6.2.8.jar;C:\Users\Marine\.m2\repository\org\springframework\spring-beans\6.2.8\spring-beans-6.2.8.jar;C:\Users\Marine\.m2\repository\io\micrometer\micrometer-observation\1.15.1\micrometer-observation-1.15.1.jar;C:\Users\Marine\.m2\repository\io\micrometer\micrometer-commons\1.15.1\micrometer-commons-1.15.1.jar;C:\Users\Marine\.m2\repository\org\springframework\spring-webmvc\6.2.8\spring-webmvc-6.2.8.jar;C:\Users\Marine\.m2\repository\org\springframework\spring-aop\6.2.8\spring-aop-6.2.8.jar;C:\Users\Marine\.m2\repository\org\springframework\spring-context\6.2.8\spring-context-6.2.8.jar;C:\Users\Marine\.m2\repository\org\springframework\spring-expression\6.2.8\spring-expression-6.2.8.jar;C:\Users\Marine\.m2\repository\org\projectlombok\lombok\1.18.38\lombok-1.18.38.jar;C:\Users\Marine\.m2\repository\org\springframework\boot\spring-boot-starter-test\3.5.3\spring-boot-starter-test-3.5.3.jar;C:\Users\Marine\.m2\repository\org\springframework\boot\spring-boot-test\3.5.3\spring-boot-test-3.5.3.jar;C:\Users\Marine\.m2\repository\org\springframework\boot\spring-boot-test-autoconfigure\3.5.3\spring-boot-test-autoconfigure-3.5.3.jar;C:\Users\Marine\.m2\repository\com\jayway\jsonpath\json-path\2.9.0\json-path-2.9.0.jar;C:\Users\Marine\.m2\repository\org\slf4j\slf4j-api\2.0.17\slf4j-api-2.0.17.jar;C:\Users\Marine\.m2\repository\jakarta\xml\bind\jakarta.xml.bind-api\4.0.2\jakarta.xml.bind-api-4.0.2.jar;C:\Users\Marine\.m2\repository\jakarta\activation\jakarta.activation-api\2.1.3\jakarta.activation-api-2.1.3.jar;C:\Users\Marine\.m2\repository\net\minidev\json-smart\2.5.2\json-smart-2.5.2.jar;C:\Users\Marine\.m2\repository\net\minidev\accessors-smart\2.5.2\accessors-smart-2.5.2.jar;C:\Users\Marine\.m2\repository\org\ow2\asm\asm\9.7.1\asm-9.7.1.jar;C:\Users\Marine\.m2\repository\org\assertj\assertj-core\3.27.3\assertj-core-3.27.3.jar;C:\Users\Marine\.m2\repository\net\bytebuddy\byte-buddy\1.17.6\byte-buddy-1.17.6.jar;C:\Users\Marine\.m2\repository\org\awaitility\awaitility\4.2.2\awaitility-4.2.2.jar;C:\Users\Marine\.m2\repository\org\hamcrest\hamcrest\3.0\hamcrest-3.0.jar;C:\Users\Marine\.m2\repository\org\junit\jupiter\junit-jupiter\5.12.2\junit-jupiter-5.12.2.jar;C:\Users\Marine\.m2\repository\org\junit\jupiter\junit-jupiter-api\5.12.2\junit-jupiter-api-5.12.2.jar;C:\Users\Marine\.m2\repository\org\opentest4j\opentest4j\1.3.0\opentest4j-1.3.0.jar;C:\Users\Marine\.m2\repository\org\junit\platform\junit-platform-commons\1.12.2\junit-platform-commons-1.12.2.jar;C:\Users\Marine\.m2\repository\org\apiguardian\apiguardian-api\1.1.2\apiguardian-api-1.1.2.jar;C:\Users\Marine\.m2\repository\org\junit\jupiter\junit-jupiter-params\5.12.2\junit-jupiter-params-5.12.2.jar;C:\Users\Marine\.m2\repository\org\junit\jupiter\junit-jupiter-engine\5.12.2\junit-jupiter-engine-5.12.2.jar;C:\Users\Marine\.m2\repository\org\junit\platform\junit-platform-engine\1.12.2\junit-platform-engine-1.12.2.jar;C:\Users\Marine\.m2\repository\org\mockito\mockito-core\5.17.0\mockito-core-5.17.0.jar;C:\Users\Marine\.m2\repository\net\bytebuddy\byte-buddy-agent\1.17.6\byte-buddy-agent-1.17.6.jar;C:\Users\Marine\.m2\repository\org\objenesis\objenesis\3.3\objenesis-3.3.jar;C:\Users\Marine\.m2\repository\org\mockito\mockito-junit-jupiter\5.17.0\mockito-junit-jupiter-5.17.0.jar;C:\Users\Marine\.m2\repository\org\skyscreamer\jsonassert\1.5.3\jsonassert-1.5.3.jar;C:\Users\Marine\.m2\repository\com\vaadin\external\google\android-json\0.0.20131108.vaadin1\android-json-0.0.20131108.vaadin1.jar;C:\Users\Marine\.m2\repository\org\springframework\spring-core\6.2.8\spring-core-6.2.8.jar;C:\Users\Marine\.m2\repository\org\springframework\spring-jcl\6.2.8\spring-jcl-6.2.8.jar;C:\Users\Marine\.m2\repository\org\springframework\spring-test\6.2.8\spring-test-6.2.8.jar;C:\Users\Marine\.m2\repository\org\xmlunit\xmlunit-core\2.10.2\xmlunit-core-2.10.2.jar;"/>
    <property name="sun.cpu.endian" value="little"/>
    <property name="user.home" value="C:\Users\Marine"/>
    <property name="user.language" value="fr"/>
    <property name="java.specification.vendor" value="Oracle Corporation"/>
    <property name="java.version.date" value="2025-07-15"/>
    <property name="java.home" value="C:\Program Files\Java\jdk-24"/>
    <property name="file.separator" value="\"/>
    <property name="basedir" value="C:\Users\Marine\IdeaProjects\Tissier-Marine-Projet-5"/>
    <property name="java.vm.compressedOopsMode" value="Zero based"/>
    <property name="line.separator" value="&#10;"/>
    <property name="java.vm.specification.vendor" value="Oracle Corporation"/>
    <property name="java.specification.name" value="Java Platform API Specification"/>
    <property name="FILE_LOG_CHARSET" value="UTF-8"/>
    <property name="java.awt.headless" value="true"/>
    <property name="surefire.real.class.path" value="C:\Users\Marine\AppData\Local\Temp\surefire4048044335601496073\surefirebooter-20250908180812167_3.jar"/>
    <property name="user.script" value=""/>
    <property name="sun.management.compiler" value="HotSpot 64-Bit Tiered Compilers"/>
    <property name="java.runtime.version" value="24.0.2+12-54"/>
    <property name="user.name" value="Marine"/>
    <property name="stdout.encoding" value="Cp1252"/>
    <property name="path.separator" value=";"/>
    <property name="os.version" value="10.0"/>
    <property name="java.runtime.name" value="Java(TM) SE Runtime Environment"/>
    <property name="file.encoding" value="UTF-8"/>
    <property name="java.vm.name" value="Java HotSpot(TM) 64-Bit Server VM"/>
    <property name="localRepository" value="C:\Users\Marine\.m2\repository"/>
    <property name="java.vendor.url.bug" value="https://bugreport.java.com/bugreport/"/>
    <property name="java.io.tmpdir" value="C:\Users\Marine\AppData\Local\Temp\"/>
    <property name="java.version" value="24.0.2"/>
    <property name="user.dir" value="C:\Users\Marine\IdeaProjects\Tissier-Marine-Projet-5"/>
    <property name="os.arch" value="amd64"/>
    <property name="java.vm.specification.name" value="Java Virtual Machine Specification"/>
    <property name="PID" value="21672"/>
    <property name="sun.os.patch.level" value=""/>
    <property name="CONSOLE_LOG_CHARSET" value="windows-1252"/>
    <property name="native.encoding" value="Cp1252"/>
    <property name="java.library.path" value="C:\Program Files\Java\jdk-24\bin;C:\WINDOWS\Sun\Java\bin;C:\WINDOWS\system32;C:\WINDOWS;C:\Users\Marine\bin;C:\Program Files\Git\mingw64\bin;C:\Program Files\Git\usr\local\bin;C:\Program Files\Git\usr\bin;C:\Program Files\Git\usr\bin;C:\Program Files\Git\mingw64\bin;C:\Program Files\Git\usr\bin;C:\Users\Marine\bin;C:\Program Files\Common Files\Oracle\Java\javapath;C:\WINDOWS\system32;C:\WINDOWS;C:\WINDOWS\System32\Wbem;C:\WINDOWS\System32\WindowsPowerShell\v1.0;C:\WINDOWS\System32\OpenSSH;C:\Program Files\dotnet;C:\Program Files\NVIDIA Corporation\NVIDIA app\NvDLISR;C:\Program Files (x86)\NVIDIA Corporation\PhysX\Common;C:\Program Files\Apache\Maven\apache-maven-3.9.9\bin;C:\Program Files\Git\cmd;C:\Users\Marine\AppData\Local\Microsoft\WindowsApps;C:\Program Files\Git\usr\bin\vendor_perl;C:\Program Files\Git\usr\bin\core_perl;."/>
    <property name="java.vm.info" value="mixed mode, sharing"/>
    <property name="stderr.encoding" value="Cp1252"/>
    <property name="java.vendor" value="Oracle Corporation"/>
    <property name="java.vm.version" value="24.0.2+12-54"/>
    <property name="sun.io.unicode.encoding" value="UnicodeLittle"/>
    <property name="java.class.version" value="68.0"/>
    <property name="LOGGED_APPLICATION_NAME" value="[SafetyNetAlerts] "/>
  </properties>
  <testcase name="getFireAlertTest" classname="com.openclassrooms.SafetyNetAlerts.integrationtests.ApiIntegrationTest" time="0.016">
    <system-out><![CDATA[
  .   ____          _            __ _ _
 /\\ / ___'_ __ _ _(_)_ __  __ _ \ \ \ \
( ( )\___ | '_ | '_| | '_ \/ _` | \ \ \ \
 \\/  ___)| |_)| | | | | || (_| |  ) ) ) )
  '  |____| .__|_| |_|_| |_\__, | / / / /
 =========|_|==============|___/=/_/_/_/

 :: Spring Boot ::                (v3.5.3)

2025-09-08T18:08:18.327+02:00  INFO 21672 --- [SafetyNetAlerts] [           main] c.o.S.i.ApiIntegrationTest               : Starting ApiIntegrationTest using Java 24.0.2 with PID 21672 (started by Marine in C:\Users\Marine\IdeaProjects\Tissier-Marine-Projet-5)
2025-09-08T18:08:18.327+02:00 DEBUG 21672 --- [SafetyNetAlerts] [           main] c.o.S.i.ApiIntegrationTest               : Running with Spring Boot v3.5.3, Spring v6.2.8
2025-09-08T18:08:18.327+02:00  INFO 21672 --- [SafetyNetAlerts] [           main] c.o.S.i.ApiIntegrationTest               : No active profile set, falling back to 1 default profile: "default"
2025-09-08T18:08:18.852+02:00  INFO 21672 --- [SafetyNetAlerts] [           main] c.o.S.i.ApiIntegrationTest               : Started ApiIntegrationTest in 0.542 seconds (process running for 6.598)
2025-09-08T18:08:18.917+02:00  INFO 21672 --- [SafetyNetAlerts] [           main] c.o.S.r.impl.PersonRepositoryImpl        : Initial data loaded: persons=23
2025-09-08T18:08:18.917+02:00  INFO 21672 --- [SafetyNetAlerts] [           main] c.o.S.r.i.MedicalRecordRepositoryImpl    : Initial data loaded: medicalRecords=23
2025-09-08T18:08:18.917+02:00  INFO 21672 --- [SafetyNetAlerts] [           main] c.o.S.r.impl.FireStationRepositoryImpl   : Initial data loaded: firestations=13
2025-09-08T18:08:18.921+02:00  INFO 21672 --- [SafetyNetAlerts] [           main] c.o.S.controller.PersonController        : GET /fire?address=1509 Culver St
2025-09-08T18:08:18.921+02:00  INFO 21672 --- [SafetyNetAlerts] [           main] c.o.S.service.impl.PersonServiceImpl     : FireAlert for address='1509 Culver St'
2025-09-08T18:08:18.921+02:00  INFO 21672 --- [SafetyNetAlerts] [           main] c.o.S.s.impl.FireStationServiceImpl      : FindAll fireStations
2025-09-08T18:08:18.921+02:00  INFO 21672 --- [SafetyNetAlerts] [           main] c.o.S.r.impl.FireStationRepositoryImpl   : Repo findAll fireStations
2025-09-08T18:08:18.921+02:00  INFO 21672 --- [SafetyNetAlerts] [           main] c.o.S.r.impl.FireStationRepositoryImpl   : Repo findAll -> count=13
2025-09-08T18:08:18.921+02:00 DEBUG 21672 --- [SafetyNetAlerts] [           main] c.o.S.r.impl.FireStationRepositoryImpl   : Repo findAll sample: [FireStation(address=1509 Culver St, station=3), FireStation(address=29 15th St, station=2), FireStation(address=834 Binoc Ave, station=3)]
2025-09-08T18:08:18.922+02:00  INFO 21672 --- [SafetyNetAlerts] [           main] c.o.S.s.impl.FireStationServiceImpl      : FindAll fireStations -> count=13
2025-09-08T18:08:18.922+02:00 DEBUG 21672 --- [SafetyNetAlerts] [           main] c.o.S.s.impl.FireStationServiceImpl      : findAll sample: [FireStation(address=1509 Culver St, station=3), FireStation(address=29 15th St, station=2), FireStation(address=834 Binoc Ave, station=3)]
2025-09-08T18:08:18.922+02:00 DEBUG 21672 --- [SafetyNetAlerts] [           main] c.o.S.service.impl.PersonServiceImpl     : Found 13 fireStation mappings
2025-09-08T18:08:18.922+02:00  INFO 21672 --- [SafetyNetAlerts] [           main] c.o.S.r.impl.PersonRepositoryImpl        : Repo findAll persons
2025-09-08T18:08:18.922+02:00  INFO 21672 --- [SafetyNetAlerts] [           main] c.o.S.r.impl.PersonRepositoryImpl        : Repo findAll -> count=23
2025-09-08T18:08:18.922+02:00 DEBUG 21672 --- [SafetyNetAlerts] [           main] c.o.S.r.impl.PersonRepositoryImpl        : Repo findAll sample: [Person(firstName=John, lastName=Boyd, address=1509 Culver St, city=Culver, zip=97451, phone=841-874-6512, email=jaboyd@email.com), Person(firstName=Jacob, lastName=Boyd, address=1509 Culver St, city=Culver, zip=97451, phone=841-874-6513, email=drk@email.com), Person(firstName=Tenley, lastName=Boyd, address=1509 Culver St, city=Culver, zip=97451, phone=841-874-6512, email=tenz@email.com)]
2025-09-08T18:08:18.922+02:00 DEBUG 21672 --- [SafetyNetAlerts] [           main] c.o.S.service.impl.PersonServiceImpl     : Persons total: 23
2025-09-08T18:08:18.922+02:00 DEBUG 21672 --- [SafetyNetAlerts] [           main] c.o.S.s.impl.MedicalRecordServiceImpl    : Get medicalRecord John Boyd
2025-09-08T18:08:18.922+02:00 DEBUG 21672 --- [SafetyNetAlerts] [           main] c.o.S.r.i.MedicalRecordRepositoryImpl    : Repo get medicalRecord John Boyd
2025-09-08T18:08:18.922+02:00  INFO 21672 --- [SafetyNetAlerts] [           main] c.o.S.r.i.MedicalRecordRepositoryImpl    : Repo get -> found John Boyd
2025-09-08T18:08:18.922+02:00 DEBUG 21672 --- [SafetyNetAlerts] [           main] c.o.S.r.i.MedicalRecordRepositoryImpl    : Medical record loaded (details omitted)
2025-09-08T18:08:18.922+02:00  INFO 21672 --- [SafetyNetAlerts] [           main] c.o.S.s.impl.MedicalRecordServiceImpl    : Get medicalRecord -> found (John Boyd)
2025-09-08T18:08:18.922+02:00 DEBUG 21672 --- [SafetyNetAlerts] [           main] c.o.S.s.impl.MedicalRecordServiceImpl    : Medical details loaded (omitted in logs)
2025-09-08T18:08:18.925+02:00 DEBUG 21672 --- [SafetyNetAlerts] [           main] c.o.S.s.impl.MedicalRecordServiceImpl    : Get medicalRecord Jacob Boyd
2025-09-08T18:08:18.925+02:00 DEBUG 21672 --- [SafetyNetAlerts] [           main] c.o.S.r.i.MedicalRecordRepositoryImpl    : Repo get medicalRecord Jacob Boyd
2025-09-08T18:08:18.925+02:00  INFO 21672 --- [SafetyNetAlerts] [           main] c.o.S.r.i.MedicalRecordRepositoryImpl    : Repo get -> found Jacob Boyd
2025-09-08T18:08:18.925+02:00 DEBUG 21672 --- [SafetyNetAlerts] [           main] c.o.S.r.i.MedicalRecordRepositoryImpl    : Medical record loaded (details omitted)
2025-09-08T18:08:18.925+02:00  INFO 21672 --- [SafetyNetAlerts] [           main] c.o.S.s.impl.MedicalRecordServiceImpl    : Get medicalRecord -> found (Jacob Boyd)
2025-09-08T18:08:18.925+02:00 DEBUG 21672 --- [SafetyNetAlerts] [           main] c.o.S.s.impl.MedicalRecordServiceImpl    : Medical details loaded (omitted in logs)
2025-09-08T18:08:18.925+02:00 DEBUG 21672 --- [SafetyNetAlerts] [           main] c.o.S.s.impl.MedicalRecordServiceImpl    : Get medicalRecord Tenley Boyd
2025-09-08T18:08:18.925+02:00 DEBUG 21672 --- [SafetyNetAlerts] [           main] c.o.S.r.i.MedicalRecordRepositoryImpl    : Repo get medicalRecord Tenley Boyd
2025-09-08T18:08:18.925+02:00  INFO 21672 --- [SafetyNetAlerts] [           main] c.o.S.r.i.MedicalRecordRepositoryImpl    : Repo get -> found Tenley Boyd
2025-09-08T18:08:18.925+02:00 DEBUG 21672 --- [SafetyNetAlerts] [           main] c.o.S.r.i.MedicalRecordRepositoryImpl    : Medical record loaded (details omitted)
2025-09-08T18:08:18.925+02:00  INFO 21672 --- [SafetyNetAlerts] [           main] c.o.S.s.impl.MedicalRecordServiceImpl    : Get medicalRecord -> found (Tenley Boyd)
2025-09-08T18:08:18.925+02:00 DEBUG 21672 --- [SafetyNetAlerts] [           main] c.o.S.s.impl.MedicalRecordServiceImpl    : Medical details loaded (omitted in logs)
2025-09-08T18:08:18.925+02:00 DEBUG 21672 --- [SafetyNetAlerts] [           main] c.o.S.s.impl.MedicalRecordServiceImpl    : Get medicalRecord Roger Boyd
2025-09-08T18:08:18.925+02:00 DEBUG 21672 --- [SafetyNetAlerts] [           main] c.o.S.r.i.MedicalRecordRepositoryImpl    : Repo get medicalRecord Roger Boyd
2025-09-08T18:08:18.925+02:00  INFO 21672 --- [SafetyNetAlerts] [           main] c.o.S.r.i.MedicalRecordRepositoryImpl    : Repo get -> found Roger Boyd
2025-09-08T18:08:18.925+02:00 DEBUG 21672 --- [SafetyNetAlerts] [           main] c.o.S.r.i.MedicalRecordRepositoryImpl    : Medical record loaded (details omitted)
2025-09-08T18:08:18.926+02:00  INFO 21672 --- [SafetyNetAlerts] [           main] c.o.S.s.impl.MedicalRecordServiceImpl    : Get medicalRecord -> found (Roger Boyd)
2025-09-08T18:08:18.926+02:00 DEBUG 21672 --- [SafetyNetAlerts] [           main] c.o.S.s.impl.MedicalRecordServiceImpl    : Medical details loaded (omitted in logs)
2025-09-08T18:08:18.926+02:00 DEBUG 21672 --- [SafetyNetAlerts] [           main] c.o.S.s.impl.MedicalRecordServiceImpl    : Get medicalRecord Felicia Boyd
2025-09-08T18:08:18.926+02:00 DEBUG 21672 --- [SafetyNetAlerts] [           main] c.o.S.r.i.MedicalRecordRepositoryImpl    : Repo get medicalRecord Felicia Boyd
2025-09-08T18:08:18.926+02:00  INFO 21672 --- [SafetyNetAlerts] [           main] c.o.S.r.i.MedicalRecordRepositoryImpl    : Repo get -> found Felicia Boyd
2025-09-08T18:08:18.926+02:00 DEBUG 21672 --- [SafetyNetAlerts] [           main] c.o.S.r.i.MedicalRecordRepositoryImpl    : Medical record loaded (details omitted)
2025-09-08T18:08:18.926+02:00  INFO 21672 --- [SafetyNetAlerts] [           main] c.o.S.s.impl.MedicalRecordServiceImpl    : Get medicalRecord -> found (Felicia Boyd)
2025-09-08T18:08:18.926+02:00 DEBUG 21672 --- [SafetyNetAlerts] [           main] c.o.S.s.impl.MedicalRecordServiceImpl    : Medical details loaded (omitted in logs)
2025-09-08T18:08:18.926+02:00  INFO 21672 --- [SafetyNetAlerts] [           main] c.o.S.service.impl.PersonServiceImpl     : fireAlert address='1509 Culver St' -> residents=5
2025-09-08T18:08:18.927+02:00 DEBUG 21672 --- [SafetyNetAlerts] [           main] c.o.S.service.impl.PersonServiceImpl     : fireAlert sample residents (names only): [John Boyd, Jacob Boyd]
2025-09-08T18:08:18.927+02:00 DEBUG 21672 --- [SafetyNetAlerts] [           main] c.o.S.service.impl.PersonServiceImpl     : fireAlert medical details loaded (omitted in logs)
2025-09-08T18:08:18.928+02:00  INFO 21672 --- [SafetyNetAlerts] [           main] c.o.S.controller.PersonController        : GET /fire -> 200 OK, residents=5
2025-09-08T18:08:18.928+02:00 DEBUG 21672 --- [SafetyNetAlerts] [           main] c.o.S.controller.PersonController        : Resident sample: [FireAlertPersonDTO(firstName=John, lastName=Boyd, age=41, phone=841-874-6512, medications=[aznol:350mg, hydrapermazol:100mg], allergies=[nillacilan]), FireAlertPersonDTO(firstName=Jacob, lastName=Boyd, age=36, phone=841-874-6513, medications=[pharmacol:5000mg, terazine:10mg, noznazol:250mg], allergies=[])]
]]></system-out>
    <system-err><![CDATA[java.lang.instrument.IllegalClassFormatException: Error while instrumenting javax/sql/DataSource with JaCoCo 0.8.12.202403310830/dbfb6f2.
	at org.jacoco.agent.rt.internal_aeaf9ab.CoverageTransformer.transform(CoverageTransformer.java:94)
	at java.instrument/java.lang.instrument.ClassFileTransformer.transform(ClassFileTransformer.java:257)
	at java.instrument/sun.instrument.TransformerManager.transform(TransformerManager.java:188)
	at java.instrument/sun.instrument.InstrumentationImpl.transform(InstrumentationImpl.java:594)
	at java.base/java.lang.ClassLoader.defineClass2(Native Method)
	at java.base/java.lang.ClassLoader.defineClass(ClassLoader.java:1052)
	at java.base/java.security.SecureClassLoader.defineClass(SecureClassLoader.java:164)
	at java.base/jdk.internal.loader.BuiltinClassLoader.defineClass(BuiltinClassLoader.java:735)
	at java.base/jdk.internal.loader.BuiltinClassLoader.findClassInModuleOrNull(BuiltinClassLoader.java:678)
	at java.base/jdk.internal.loader.BuiltinClassLoader.loadClassOrNull(BuiltinClassLoader.java:604)
	at java.base/jdk.internal.loader.BuiltinClassLoader.loadClassOrNull(BuiltinClassLoader.java:639)
	at java.base/jdk.internal.loader.BuiltinClassLoader.loadClassOrNull(BuiltinClassLoader.java:608)
	at java.base/jdk.internal.loader.BuiltinClassLoader.loadClass(BuiltinClassLoader.java:578)
	at java.base/java.lang.ClassLoader.loadClass(ClassLoader.java:490)
	at java.base/java.lang.Class.forName0(Native Method)
	at java.base/java.lang.Class.forName(Class.java:543)
	at org.springframework.boot.autoconfigure.condition.FilteringSpringBootCondition.resolve(FilteringSpringBootCondition.java:108)
	at org.springframework.boot.autoconfigure.condition.FilteringSpringBootCondition$ClassNameFilter.isPresent(FilteringSpringBootCondition.java:140)
	at org.springframework.boot.autoconfigure.condition.FilteringSpringBootCondition$ClassNameFilter$2.matches(FilteringSpringBootCondition.java:128)
	at org.springframework.boot.autoconfigure.condition.OnClassCondition$StandardOutcomesResolver.getOutcome(OnClassCondition.java:238)
	at org.springframework.boot.autoconfigure.condition.OnClassCondition$StandardOutcomesResolver.getOutcome(OnClassCondition.java:225)
	at org.springframework.boot.autoconfigure.condition.OnClassCondition$StandardOutcomesResolver.getOutcomes(OnClassCondition.java:212)
	at org.springframework.boot.autoconfigure.condition.OnClassCondition$StandardOutcomesResolver.resolveOutcomes(OnClassCondition.java:201)
	at org.springframework.boot.autoconfigure.condition.OnClassCondition$ThreadedOutcomesResolver.lambda$new$0(OnClassCondition.java:151)
	at java.base/java.lang.Thread.run(Thread.java:1447)
Caused by: java.io.IOException: Error while instrumenting javax/sql/DataSource with JaCoCo 0.8.12.202403310830/dbfb6f2.
	at org.jacoco.agent.rt.internal_aeaf9ab.core.instr.Instrumenter.instrumentError(Instrumenter.java:161)
	at org.jacoco.agent.rt.internal_aeaf9ab.core.instr.Instrumenter.instrument(Instrumenter.java:111)
	at org.jacoco.agent.rt.internal_aeaf9ab.CoverageTransformer.transform(CoverageTransformer.java:92)
	... 24 more
Caused by: java.lang.IllegalArgumentException: Unsupported class file major version 68
	at org.jacoco.agent.rt.internal_aeaf9ab.asm.ClassReader.<init>(ClassReader.java:200)
	at org.jacoco.agent.rt.internal_aeaf9ab.asm.ClassReader.<init>(ClassReader.java:180)
	at org.jacoco.agent.rt.internal_aeaf9ab.asm.ClassReader.<init>(ClassReader.java:166)
	at org.jacoco.agent.rt.internal_aeaf9ab.core.internal.instr.InstrSupport.classReaderFor(InstrSupport.java:280)
	at org.jacoco.agent.rt.internal_aeaf9ab.core.instr.Instrumenter.instrument(Instrumenter.java:77)
	at org.jacoco.agent.rt.internal_aeaf9ab.core.instr.Instrumenter.instrument(Instrumenter.java:109)
	... 25 more
java.lang.instrument.IllegalClassFormatException: Error while instrumenting javax/sql/CommonDataSource with JaCoCo 0.8.12.202403310830/dbfb6f2.
	at org.jacoco.agent.rt.internal_aeaf9ab.CoverageTransformer.transform(CoverageTransformer.java:94)
	at java.instrument/java.lang.instrument.ClassFileTransformer.transform(ClassFileTransformer.java:257)
	at java.instrument/sun.instrument.TransformerManager.transform(TransformerManager.java:188)
	at java.instrument/sun.instrument.InstrumentationImpl.transform(InstrumentationImpl.java:594)
	at java.base/java.lang.ClassLoader.defineClass2(Native Method)
	at java.base/java.lang.ClassLoader.defineClass(ClassLoader.java:1052)
	at java.base/java.security.SecureClassLoader.defineClass(SecureClassLoader.java:164)
	at java.base/jdk.internal.loader.BuiltinClassLoader.defineClass(BuiltinClassLoader.java:735)
	at java.base/jdk.internal.loader.BuiltinClassLoader.findClassInModuleOrNull(BuiltinClassLoader.java:678)
	at java.base/jdk.internal.loader.BuiltinClassLoader.loadClassOrNull(BuiltinClassLoader.java:604)
	at java.base/jdk.internal.loader.BuiltinClassLoader.loadClass(BuiltinClassLoader.java:578)
	at java.base/java.lang.ClassLoader.loadClass(ClassLoader.java:490)
	at java.base/java.lang.ClassLoader.defineClass2(Native Method)
	at java.base/java.lang.ClassLoader.defineClass(ClassLoader.java:1052)
	at java.base/java.security.SecureClassLoader.defineClass(SecureClassLoader.java:164)
	at java.base/jdk.internal.loader.BuiltinClassLoader.defineClass(BuiltinClassLoader.java:735)
	at java.base/jdk.internal.loader.BuiltinClassLoader.findClassInModuleOrNull(BuiltinClassLoader.java:678)
	at java.base/jdk.internal.loader.BuiltinClassLoader.loadClassOrNull(BuiltinClassLoader.java:604)
	at java.base/jdk.internal.loader.BuiltinClassLoader.loadClassOrNull(BuiltinClassLoader.java:639)
	at java.base/jdk.internal.loader.BuiltinClassLoader.loadClassOrNull(BuiltinClassLoader.java:608)
	at java.base/jdk.internal.loader.BuiltinClassLoader.loadClass(BuiltinClassLoader.java:578)
	at java.base/java.lang.ClassLoader.loadClass(ClassLoader.java:490)
	at java.base/java.lang.Class.forName0(Native Method)
	at java.base/java.lang.Class.forName(Class.java:543)
	at org.springframework.boot.autoconfigure.condition.FilteringSpringBootCondition.resolve(FilteringSpringBootCondition.java:108)
	at org.springframework.boot.autoconfigure.condition.FilteringSpringBootCondition$ClassNameFilter.isPresent(FilteringSpringBootCondition.java:140)
	at org.springframework.boot.autoconfigure.condition.FilteringSpringBootCondition$ClassNameFilter$2.matches(FilteringSpringBootCondition.java:128)
	at org.springframework.boot.autoconfigure.condition.OnClassCondition$StandardOutcomesResolver.getOutcome(OnClassCondition.java:238)
	at org.springframework.boot.autoconfigure.condition.OnClassCondition$StandardOutcomesResolver.getOutcome(OnClassCondition.java:225)
	at org.springframework.boot.autoconfigure.condition.OnClassCondition$StandardOutcomesResolver.getOutcomes(OnClassCondition.java:212)
	at org.springframework.boot.autoconfigure.condition.OnClassCondition$StandardOutcomesResolver.resolveOutcomes(OnClassCondition.java:201)
	at org.springframework.boot.autoconfigure.condition.OnClassCondition$ThreadedOutcomesResolver.lambda$new$0(OnClassCondition.java:151)
	at java.base/java.lang.Thread.run(Thread.java:1447)
Caused by: java.io.IOException: Error while instrumenting javax/sql/CommonDataSource with JaCoCo 0.8.12.202403310830/dbfb6f2.
	at org.jacoco.agent.rt.internal_aeaf9ab.core.instr.Instrumenter.instrumentError(Instrumenter.java:161)
	at org.jacoco.agent.rt.internal_aeaf9ab.core.instr.Instrumenter.instrument(Instrumenter.java:111)
	at org.jacoco.agent.rt.internal_aeaf9ab.CoverageTransformer.transform(CoverageTransformer.java:92)
	... 32 more
Caused by: java.lang.IllegalArgumentException: Unsupported class file major version 68
	at org.jacoco.agent.rt.internal_aeaf9ab.asm.ClassReader.<init>(ClassReader.java:200)
	at org.jacoco.agent.rt.internal_aeaf9ab.asm.ClassReader.<init>(ClassReader.java:180)
	at org.jacoco.agent.rt.internal_aeaf9ab.asm.ClassReader.<init>(ClassReader.java:166)
	at org.jacoco.agent.rt.internal_aeaf9ab.core.internal.instr.InstrSupport.classReaderFor(InstrSupport.java:280)
	at org.jacoco.agent.rt.internal_aeaf9ab.core.instr.Instrumenter.instrument(Instrumenter.java:77)
	at org.jacoco.agent.rt.internal_aeaf9ab.core.instr.Instrumenter.instrument(Instrumenter.java:109)
	... 33 more
java.lang.instrument.IllegalClassFormatException: Error while instrumenting java/sql/Wrapper with JaCoCo 0.8.12.202403310830/dbfb6f2.
	at org.jacoco.agent.rt.internal_aeaf9ab.CoverageTransformer.transform(CoverageTransformer.java:94)
	at java.instrument/java.lang.instrument.ClassFileTransformer.transform(ClassFileTransformer.java:257)
	at java.instrument/sun.instrument.TransformerManager.transform(TransformerManager.java:188)
	at java.instrument/sun.instrument.InstrumentationImpl.transform(InstrumentationImpl.java:594)
	at java.base/java.lang.ClassLoader.defineClass2(Native Method)
	at java.base/java.lang.ClassLoader.defineClass(ClassLoader.java:1052)
	at java.base/java.security.SecureClassLoader.defineClass(SecureClassLoader.java:164)
	at java.base/jdk.internal.loader.BuiltinClassLoader.defineClass(BuiltinClassLoader.java:735)
	at java.base/jdk.internal.loader.BuiltinClassLoader.findClassInModuleOrNull(BuiltinClassLoader.java:678)
	at java.base/jdk.internal.loader.BuiltinClassLoader.loadClassOrNull(BuiltinClassLoader.java:604)
	at java.base/jdk.internal.loader.BuiltinClassLoader.loadClass(BuiltinClassLoader.java:578)
	at java.base/java.lang.ClassLoader.loadClass(ClassLoader.java:490)
	at java.base/java.lang.ClassLoader.defineClass2(Native Method)
	at java.base/java.lang.ClassLoader.defineClass(ClassLoader.java:1052)
	at java.base/java.security.SecureClassLoader.defineClass(SecureClassLoader.java:164)
	at java.base/jdk.internal.loader.BuiltinClassLoader.defineClass(BuiltinClassLoader.java:735)
	at java.base/jdk.internal.loader.BuiltinClassLoader.findClassInModuleOrNull(BuiltinClassLoader.java:678)
	at java.base/jdk.internal.loader.BuiltinClassLoader.loadClassOrNull(BuiltinClassLoader.java:604)
	at java.base/jdk.internal.loader.BuiltinClassLoader.loadClassOrNull(BuiltinClassLoader.java:639)
	at java.base/jdk.internal.loader.BuiltinClassLoader.loadClassOrNull(BuiltinClassLoader.java:608)
	at java.base/jdk.internal.loader.BuiltinClassLoader.loadClass(BuiltinClassLoader.java:578)
	at java.base/java.lang.ClassLoader.loadClass(ClassLoader.java:490)
	at java.base/java.lang.Class.forName0(Native Method)
	at java.base/java.lang.Class.forName(Class.java:543)
	at org.springframework.boot.autoconfigure.condition.FilteringSpringBootCondition.resolve(FilteringSpringBootCondition.java:108)
	at org.springframework.boot.autoconfigure.condition.FilteringSpringBootCondition$ClassNameFilter.isPresent(FilteringSpringBootCondition.java:140)
	at org.springframework.boot.autoconfigure.condition.FilteringSpringBootCondition$ClassNameFilter$2.matches(FilteringSpringBootCondition.java:128)
	at org.springframework.boot.autoconfigure.condition.OnClassCondition$StandardOutcomesResolver.getOutcome(OnClassCondition.java:238)
	at org.springframework.boot.autoconfigure.condition.OnClassCondition$StandardOutcomesResolver.getOutcome(OnClassCondition.java:225)
	at org.springframework.boot.autoconfigure.condition.OnClassCondition$StandardOutcomesResolver.getOutcomes(OnClassCondition.java:212)
	at org.springframework.boot.autoconfigure.condition.OnClassCondition$StandardOutcomesResolver.resolveOutcomes(OnClassCondition.java:201)
	at org.springframework.boot.autoconfigure.condition.OnClassCondition$ThreadedOutcomesResolver.lambda$new$0(OnClassCondition.java:151)
	at java.base/java.lang.Thread.run(Thread.java:1447)
Caused by: java.io.IOException: Error while instrumenting java/sql/Wrapper with JaCoCo 0.8.12.202403310830/dbfb6f2.
	at org.jacoco.agent.rt.internal_aeaf9ab.core.instr.Instrumenter.instrumentError(Instrumenter.java:161)
	at org.jacoco.agent.rt.internal_aeaf9ab.core.instr.Instrumenter.instrument(Instrumenter.java:111)
	at org.jacoco.agent.rt.internal_aeaf9ab.CoverageTransformer.transform(CoverageTransformer.java:92)
	... 32 more
Caused by: java.lang.IllegalArgumentException: Unsupported class file major version 68
	at org.jacoco.agent.rt.internal_aeaf9ab.asm.ClassReader.<init>(ClassReader.java:200)
	at org.jacoco.agent.rt.internal_aeaf9ab.asm.ClassReader.<init>(ClassReader.java:180)
	at org.jacoco.agent.rt.internal_aeaf9ab.asm.ClassReader.<init>(ClassReader.java:166)
	at org.jacoco.agent.rt.internal_aeaf9ab.core.internal.instr.InstrSupport.classReaderFor(InstrSupport.java:280)
	at org.jacoco.agent.rt.internal_aeaf9ab.core.instr.Instrumenter.instrument(Instrumenter.java:77)
	at org.jacoco.agent.rt.internal_aeaf9ab.core.instr.Instrumenter.instrument(Instrumenter.java:109)
	... 33 more
java.lang.instrument.IllegalClassFormatException: Error while instrumenting java/net/http/HttpClient with JaCoCo 0.8.12.202403310830/dbfb6f2.
	at org.jacoco.agent.rt.internal_aeaf9ab.CoverageTransformer.transform(CoverageTransformer.java:94)
	at java.instrument/java.lang.instrument.ClassFileTransformer.transform(ClassFileTransformer.java:257)
	at java.instrument/sun.instrument.TransformerManager.transform(TransformerManager.java:188)
	at java.instrument/sun.instrument.InstrumentationImpl.transform(InstrumentationImpl.java:594)
	at java.base/java.lang.ClassLoader.defineClass2(Native Method)
	at java.base/java.lang.ClassLoader.defineClass(ClassLoader.java:1052)
	at java.base/java.security.SecureClassLoader.defineClass(SecureClassLoader.java:164)
	at java.base/jdk.internal.loader.BuiltinClassLoader.defineClass(BuiltinClassLoader.java:735)
	at java.base/jdk.internal.loader.BuiltinClassLoader.findClassInModuleOrNull(BuiltinClassLoader.java:678)
	at java.base/jdk.internal.loader.BuiltinClassLoader.loadClassOrNull(BuiltinClassLoader.java:604)
	at java.base/jdk.internal.loader.BuiltinClassLoader.loadClassOrNull(BuiltinClassLoader.java:639)
	at java.base/jdk.internal.loader.BuiltinClassLoader.loadClassOrNull(BuiltinClassLoader.java:608)
	at java.base/jdk.internal.loader.BuiltinClassLoader.loadClass(BuiltinClassLoader.java:578)
	at java.base/java.lang.ClassLoader.loadClass(ClassLoader.java:490)
	at java.base/java.lang.Class.forName0(Native Method)
	at java.base/java.lang.Class.forName(Class.java:543)
	at org.springframework.util.ClassUtils.forName(ClassUtils.java:321)
	at org.springframework.util.ClassUtils.isPresent(ClassUtils.java:392)
	at org.springframework.boot.http.client.JdkClientHttpRequestFactoryBuilder$Classes.present(JdkClientHttpRequestFactoryBuilder.java:90)
	at org.springframework.boot.http.client.ClientHttpRequestFactoryBuilder.detect(ClientHttpRequestFactoryBuilder.java:226)
	at org.springframework.boot.autoconfigure.http.client.ClientHttpRequestFactories.builder(ClientHttpRequestFactories.java:55)
	at org.springframework.boot.autoconfigure.http.client.HttpClientAutoConfiguration.clientHttpRequestFactoryBuilder(HttpClientAutoConfiguration.java:68)
	at java.base/jdk.internal.reflect.DirectMethodHandleAccessor.invoke(DirectMethodHandleAccessor.java:104)
	at java.base/java.lang.reflect.Method.invoke(Method.java:565)
	at org.springframework.beans.factory.support.SimpleInstantiationStrategy.lambda$instantiate$0(SimpleInstantiationStrategy.java:171)
	at org.springframework.beans.factory.support.SimpleInstantiationStrategy.instantiateWithFactoryMethod(SimpleInstantiationStrategy.java:88)
	at org.springframework.beans.factory.support.SimpleInstantiationStrategy.instantiate(SimpleInstantiationStrategy.java:168)
	at org.springframework.beans.factory.support.ConstructorResolver.instantiate(ConstructorResolver.java:653)
	at org.springframework.beans.factory.support.ConstructorResolver.instantiateUsingFactoryMethod(ConstructorResolver.java:645)
	at org.springframework.beans.factory.support.AbstractAutowireCapableBeanFactory.instantiateUsingFactoryMethod(AbstractAutowireCapableBeanFactory.java:1375)
	at org.springframework.beans.factory.support.AbstractAutowireCapableBeanFactory.createBeanInstance(AbstractAutowireCapableBeanFactory.java:1205)
	at org.springframework.beans.factory.support.AbstractAutowireCapableBeanFactory.doCreateBean(AbstractAutowireCapableBeanFactory.java:569)
	at org.springframework.beans.factory.support.AbstractAutowireCapableBeanFactory.createBean(AbstractAutowireCapableBeanFactory.java:529)
	at org.springframework.beans.factory.support.AbstractBeanFactory.lambda$doGetBean$0(AbstractBeanFactory.java:339)
	at org.springframework.beans.factory.support.DefaultSingletonBeanRegistry.getSingleton(DefaultSingletonBeanRegistry.java:373)
	at org.springframework.beans.factory.support.AbstractBeanFactory.doGetBean(AbstractBeanFactory.java:337)
	at org.springframework.beans.factory.support.AbstractBeanFactory.getBean(AbstractBeanFactory.java:202)
	at org.springframework.beans.factory.support.DefaultListableBeanFactory.instantiateSingleton(DefaultListableBeanFactory.java:1222)
	at org.springframework.beans.factory.support.DefaultListableBeanFactory.preInstantiateSingleton(DefaultListableBeanFactory.java:1188)
	at org.springframework.beans.factory.support.DefaultListableBeanFactory.preInstantiateSingletons(DefaultListableBeanFactory.java:1123)
	at org.springframework.context.support.AbstractApplicationContext.finishBeanFactoryInitialization(AbstractApplicationContext.java:987)
	at org.springframework.context.support.AbstractApplicationContext.refresh(AbstractApplicationContext.java:627)
	at org.springframework.boot.SpringApplication.refresh(SpringApplication.java:752)
	at org.springframework.boot.SpringApplication.refreshContext(SpringApplication.java:439)
	at org.springframework.boot.SpringApplication.run(SpringApplication.java:318)
	at org.springframework.boot.test.context.SpringBootContextLoader.lambda$loadContext$3(SpringBootContextLoader.java:144)
	at org.springframework.util.function.ThrowingSupplier.get(ThrowingSupplier.java:58)
	at org.springframework.util.function.ThrowingSupplier.get(ThrowingSupplier.java:46)
	at org.springframework.boot.SpringApplication.withHook(SpringApplication.java:1461)
	at org.springframework.boot.test.context.SpringBootContextLoader$ContextLoaderHook.run(SpringBootContextLoader.java:563)
	at org.springframework.boot.test.context.SpringBootContextLoader.loadContext(SpringBootContextLoader.java:144)
	at org.springframework.boot.test.context.SpringBootContextLoader.loadContext(SpringBootContextLoader.java:110)
	at org.springframework.test.context.cache.DefaultCacheAwareContextLoaderDelegate.loadContextInternal(DefaultCacheAwareContextLoaderDelegate.java:225)
	at org.springframework.test.context.cache.DefaultCacheAwareContextLoaderDelegate.loadContext(DefaultCacheAwareContextLoaderDelegate.java:152)
	at org.springframework.test.context.support.DefaultTestContext.getApplicationContext(DefaultTestContext.java:130)
	at org.springframework.test.context.web.ServletTestExecutionListener.setUpRequestContextIfNecessary(ServletTestExecutionListener.java:200)
	at org.springframework.test.context.web.ServletTestExecutionListener.prepareTestInstance(ServletTestExecutionListener.java:139)
	at org.springframework.test.context.TestContextManager.prepareTestInstance(TestContextManager.java:260)
	at org.springframework.test.context.junit.jupiter.SpringExtension.postProcessTestInstance(SpringExtension.java:159)
	at org.junit.jupiter.engine.descriptor.ClassBasedTestDescriptor.lambda$invokeTestInstancePostProcessors$10(ClassBasedTestDescriptor.java:383)
	at org.junit.jupiter.engine.descriptor.ClassBasedTestDescriptor.executeAndMaskThrowable(ClassBasedTestDescriptor.java:388)
	at org.junit.jupiter.engine.descriptor.ClassBasedTestDescriptor.lambda$invokeTestInstancePostProcessors$11(ClassBasedTestDescriptor.java:382)
	at java.base/java.util.stream.ForEachOps$ForEachOp$OfRef.accept(ForEachOps.java:186)
	at java.base/java.util.stream.ReferencePipeline$3$1.accept(ReferencePipeline.java:215)
	at java.base/java.util.stream.ReferencePipeline$2$1.accept(ReferencePipeline.java:197)
	at java.base/java.util.stream.ReferencePipeline$3$1.accept(ReferencePipeline.java:215)
	at java.base/java.util.ArrayList$ArrayListSpliterator.forEachRemaining(ArrayList.java:1716)
	at java.base/java.util.stream.AbstractPipeline.copyInto(AbstractPipeline.java:570)
	at java.base/java.util.stream.AbstractPipeline.wrapAndCopyInto(AbstractPipeline.java:560)
	at java.base/java.util.stream.ForEachOps$ForEachOp.evaluateSequential(ForEachOps.java:153)
	at java.base/java.util.stream.ForEachOps$ForEachOp$OfRef.evaluateSequential(ForEachOps.java:176)
	at java.base/java.util.stream.AbstractPipeline.evaluate(AbstractPipeline.java:265)
	at java.base/java.util.stream.ReferencePipeline.forEach(ReferencePipeline.java:636)
	at org.junit.jupiter.engine.descriptor.ClassBasedTestDescriptor.invokeTestInstancePostProcessors(ClassBasedTestDescriptor.java:382)
	at org.junit.jupiter.engine.descriptor.ClassBasedTestDescriptor.lambda$instantiateAndPostProcessTestInstance$6(ClassBasedTestDescriptor.java:293)
	at org.junit.platform.engine.support.hierarchical.ThrowableCollector.execute(ThrowableCollector.java:73)
	at org.junit.jupiter.engine.descriptor.ClassBasedTestDescriptor.instantiateAndPostProcessTestInstance(ClassBasedTestDescriptor.java:292)
	at org.junit.jupiter.engine.descriptor.ClassBasedTestDescriptor.lambda$testInstancesProvider$4(ClassBasedTestDescriptor.java:281)
	at java.base/java.util.Optional.orElseGet(Optional.java:364)
	at org.junit.jupiter.engine.descriptor.ClassBasedTestDescriptor.lambda$testInstancesProvider$5(ClassBasedTestDescriptor.java:280)
	at org.junit.jupiter.engine.execution.TestInstancesProvider.getTestInstances(TestInstancesProvider.java:27)
	at org.junit.jupiter.engine.descriptor.TestMethodTestDescriptor.lambda$prepare$0(TestMethodTestDescriptor.java:112)
	at org.junit.platform.engine.support.hierarchical.ThrowableCollector.execute(ThrowableCollector.java:73)
	at org.junit.jupiter.engine.descriptor.TestMethodTestDescriptor.prepare(TestMethodTestDescriptor.java:111)
	at org.junit.jupiter.engine.descriptor.TestMethodTestDescriptor.prepare(TestMethodTestDescriptor.java:69)
	at org.junit.platform.engine.support.hierarchical.NodeTestTask.lambda$prepare$2(NodeTestTask.java:128)
	at org.junit.platform.engine.support.hierarchical.ThrowableCollector.execute(ThrowableCollector.java:73)
	at org.junit.platform.engine.support.hierarchical.NodeTestTask.prepare(NodeTestTask.java:128)
	at org.junit.platform.engine.support.hierarchical.NodeTestTask.execute(NodeTestTask.java:95)
	at java.base/java.util.ArrayList.forEach(ArrayList.java:1604)
	at org.junit.platform.engine.support.hierarchical.SameThreadHierarchicalTestExecutorService.invokeAll(SameThreadHierarchicalTestExecutorService.java:41)
	at org.junit.platform.engine.support.hierarchical.NodeTestTask.lambda$executeRecursively$6(NodeTestTask.java:160)
	at org.junit.platform.engine.support.hierarchical.ThrowableCollector.execute(ThrowableCollector.java:73)
	at org.junit.platform.engine.support.hierarchical.NodeTestTask.lambda$executeRecursively$8(NodeTestTask.java:146)
	at org.junit.platform.engine.support.hierarchical.Node.around(Node.java:137)
	at org.junit.platform.engine.support.hierarchical.NodeTestTask.lambda$executeRecursively$9(NodeTestTask.java:144)
	at org.junit.platform.engine.support.hierarchical.ThrowableCollector.execute(ThrowableCollector.java:73)
	at org.junit.platform.engine.support.hierarchical.NodeTestTask.executeRecursively(NodeTestTask.java:143)
	at org.junit.platform.engine.support.hierarchical.NodeTestTask.execute(NodeTestTask.java:100)
	at java.base/java.util.ArrayList.forEach(ArrayList.java:1604)
	at org.junit.platform.engine.support.hierarchical.SameThreadHierarchicalTestExecutorService.invokeAll(SameThreadHierarchicalTestExecutorService.java:41)
	at org.junit.platform.engine.support.hierarchical.NodeTestTask.lambda$executeRecursively$6(NodeTestTask.java:160)
	at org.junit.platform.engine.support.hierarchical.ThrowableCollector.execute(ThrowableCollector.java:73)
	at org.junit.platform.engine.support.hierarchical.NodeTestTask.lambda$executeRecursively$8(NodeTestTask.java:146)
	at org.junit.platform.engine.support.hierarchical.Node.around(Node.java:137)
	at org.junit.platform.engine.support.hierarchical.NodeTestTask.lambda$executeRecursively$9(NodeTestTask.java:144)
	at org.junit.platform.engine.support.hierarchical.ThrowableCollector.execute(ThrowableCollector.java:73)
	at org.junit.platform.engine.support.hierarchical.NodeTestTask.executeRecursively(NodeTestTask.java:143)
	at org.junit.platform.engine.support.hierarchical.NodeTestTask.execute(NodeTestTask.java:100)
	at org.junit.platform.engine.support.hierarchical.SameThreadHierarchicalTestExecutorService.submit(SameThreadHierarchicalTestExecutorService.java:35)
	at org.junit.platform.engine.support.hierarchical.HierarchicalTestExecutor.execute(HierarchicalTestExecutor.java:57)
	at org.junit.platform.engine.support.hierarchical.HierarchicalTestEngine.execute(HierarchicalTestEngine.java:54)
	at org.junit.platform.launcher.core.EngineExecutionOrchestrator.execute(EngineExecutionOrchestrator.java:201)
	at org.junit.platform.launcher.core.EngineExecutionOrchestrator.execute(EngineExecutionOrchestrator.java:170)
	at org.junit.platform.launcher.core.EngineExecutionOrchestrator.execute(EngineExecutionOrchestrator.java:94)
	at org.junit.platform.launcher.core.EngineExecutionOrchestrator.lambda$execute$0(EngineExecutionOrchestrator.java:59)
	at org.junit.platform.launcher.core.EngineExecutionOrchestrator.withInterceptedStreams(EngineExecutionOrchestrator.java:142)
	at org.junit.platform.launcher.core.EngineExecutionOrchestrator.execute(EngineExecutionOrchestrator.java:58)
	at org.junit.platform.launcher.core.DefaultLauncher.execute(DefaultLauncher.java:103)
	at org.junit.platform.launcher.core.DefaultLauncher.execute(DefaultLauncher.java:85)
	at org.junit.platform.launcher.core.DelegatingLauncher.execute(DelegatingLauncher.java:47)
	at org.junit.platform.launcher.core.InterceptingLauncher.lambda$execute$1(InterceptingLauncher.java:39)
	at org.junit.platform.launcher.core.ClasspathAlignmentCheckingLauncherInterceptor.intercept(ClasspathAlignmentCheckingLauncherInterceptor.java:25)
	at org.junit.platform.launcher.core.InterceptingLauncher.execute(InterceptingLauncher.java:38)
	at org.junit.platform.launcher.core.DelegatingLauncher.execute(DelegatingLauncher.java:47)
	at org.apache.maven.surefire.junitplatform.LazyLauncher.execute(LazyLauncher.java:56)
	at org.apache.maven.surefire.junitplatform.JUnitPlatformProvider.execute(JUnitPlatformProvider.java:184)
	at org.apache.maven.surefire.junitplatform.JUnitPlatformProvider.invokeAllTests(JUnitPlatformProvider.java:148)
	at org.apache.maven.surefire.junitplatform.JUnitPlatformProvider.invoke(JUnitPlatformProvider.java:122)
	at org.apache.maven.surefire.booter.ForkedBooter.runSuitesInProcess(ForkedBooter.java:385)
	at org.apache.maven.surefire.booter.ForkedBooter.execute(ForkedBooter.java:162)
	at org.apache.maven.surefire.booter.ForkedBooter.run(ForkedBooter.java:507)
	at org.apache.maven.surefire.booter.ForkedBooter.main(ForkedBooter.java:495)
Caused by: java.io.IOException: Error while instrumenting java/net/http/HttpClient with JaCoCo 0.8.12.202403310830/dbfb6f2.
	at org.jacoco.agent.rt.internal_aeaf9ab.core.instr.Instrumenter.instrumentError(Instrumenter.java:161)
	at org.jacoco.agent.rt.internal_aeaf9ab.core.instr.Instrumenter.instrument(Instrumenter.java:111)
	at org.jacoco.agent.rt.internal_aeaf9ab.CoverageTransformer.transform(CoverageTransformer.java:92)
	... 132 more
Caused by: java.lang.IllegalArgumentException: Unsupported class file major version 68
	at org.jacoco.agent.rt.internal_aeaf9ab.asm.ClassReader.<init>(ClassReader.java:200)
	at org.jacoco.agent.rt.internal_aeaf9ab.asm.ClassReader.<init>(ClassReader.java:180)
	at org.jacoco.agent.rt.internal_aeaf9ab.asm.ClassReader.<init>(ClassReader.java:166)
	at org.jacoco.agent.rt.internal_aeaf9ab.core.internal.instr.InstrSupport.classReaderFor(InstrSupport.java:280)
	at org.jacoco.agent.rt.internal_aeaf9ab.core.instr.Instrumenter.instrument(Instrumenter.java:77)
	at org.jacoco.agent.rt.internal_aeaf9ab.core.instr.Instrumenter.instrument(Instrumenter.java:109)
	... 133 more
]]></system-err>
  </testcase>
  <testcase name="getPersonInfoTest" classname="com.openclassrooms.SafetyNetAlerts.integrationtests.ApiIntegrationTest" time="0.01">
    <system-out><![CDATA[2025-09-08T18:08:18.937+02:00  INFO 21672 --- [SafetyNetAlerts] [           main] c.o.S.controller.PersonController        : GET /personInfolastName?lastName=Boyd
2025-09-08T18:08:18.937+02:00  INFO 21672 --- [SafetyNetAlerts] [           main] c.o.S.service.impl.PersonServiceImpl     : PersonInfo lastName='Boyd'
2025-09-08T18:08:18.937+02:00  INFO 21672 --- [SafetyNetAlerts] [           main] c.o.S.r.impl.PersonRepositoryImpl        : Repo findAll persons
2025-09-08T18:08:18.937+02:00  INFO 21672 --- [SafetyNetAlerts] [           main] c.o.S.r.impl.PersonRepositoryImpl        : Repo findAll -> count=23
2025-09-08T18:08:18.937+02:00 DEBUG 21672 --- [SafetyNetAlerts] [           main] c.o.S.r.impl.PersonRepositoryImpl        : Repo findAll sample: [Person(firstName=John, lastName=Boyd, address=1509 Culver St, city=Culver, zip=97451, phone=841-874-6512, email=jaboyd@email.com), Person(firstName=Jacob, lastName=Boyd, address=1509 Culver St, city=Culver, zip=97451, phone=841-874-6513, email=drk@email.com), Person(firstName=Tenley, lastName=Boyd, address=1509 Culver St, city=Culver, zip=97451, phone=841-874-6512, email=tenz@email.com)]
2025-09-08T18:08:18.937+02:00  INFO 21672 --- [SafetyNetAlerts] [           main] c.o.S.s.impl.MedicalRecordServiceImpl    : FindAll medicalRecords
2025-09-08T18:08:18.937+02:00  INFO 21672 --- [SafetyNetAlerts] [           main] c.o.S.r.i.MedicalRecordRepositoryImpl    : Repo findAll medicalRecords
2025-09-08T18:08:18.937+02:00  INFO 21672 --- [SafetyNetAlerts] [           main] c.o.S.r.i.MedicalRecordRepositoryImpl    : Repo findAll -> count=23
2025-09-08T18:08:18.937+02:00 DEBUG 21672 --- [SafetyNetAlerts] [           main] c.o.S.r.i.MedicalRecordRepositoryImpl    : findAll medicalRecords loaded (details omitted)
2025-09-08T18:08:18.937+02:00  INFO 21672 --- [SafetyNetAlerts] [           main] c.o.S.s.impl.MedicalRecordServiceImpl    : FindAll medicalRecords -> count=23
2025-09-08T18:08:18.937+02:00 DEBUG 21672 --- [SafetyNetAlerts] [           main] c.o.S.s.impl.MedicalRecordServiceImpl    : findAll medicalRecords loaded (details omitted)
2025-09-08T18:08:18.938+02:00 DEBUG 21672 --- [SafetyNetAlerts] [           main] c.o.S.service.impl.PersonServiceImpl     : personInfo repository sizes: persons=23, medicalRecords=23
2025-09-08T18:08:18.938+02:00 DEBUG 21672 --- [SafetyNetAlerts] [           main] c.o.S.service.impl.PersonServiceImpl     : Compute age for John Boyd
2025-09-08T18:08:18.938+02:00 DEBUG 21672 --- [SafetyNetAlerts] [           main] c.o.S.s.impl.MedicalRecordServiceImpl    : Get medicalRecord John Boyd
2025-09-08T18:08:18.938+02:00 DEBUG 21672 --- [SafetyNetAlerts] [           main] c.o.S.r.i.MedicalRecordRepositoryImpl    : Repo get medicalRecord John Boyd
2025-09-08T18:08:18.938+02:00  INFO 21672 --- [SafetyNetAlerts] [           main] c.o.S.r.i.MedicalRecordRepositoryImpl    : Repo get -> found John Boyd
2025-09-08T18:08:18.938+02:00 DEBUG 21672 --- [SafetyNetAlerts] [           main] c.o.S.r.i.MedicalRecordRepositoryImpl    : Medical record loaded (details omitted)
2025-09-08T18:08:18.938+02:00  INFO 21672 --- [SafetyNetAlerts] [           main] c.o.S.s.impl.MedicalRecordServiceImpl    : Get medicalRecord -> found (John Boyd)
2025-09-08T18:08:18.938+02:00 DEBUG 21672 --- [SafetyNetAlerts] [           main] c.o.S.s.impl.MedicalRecordServiceImpl    : Medical details loaded (omitted in logs)
2025-09-08T18:08:18.938+02:00 DEBUG 21672 --- [SafetyNetAlerts] [           main] c.o.S.service.impl.PersonServiceImpl     : Computed age for John Boyd -> 41
2025-09-08T18:08:18.938+02:00 DEBUG 21672 --- [SafetyNetAlerts] [           main] c.o.S.service.impl.PersonServiceImpl     : Compute age for Jacob Boyd
2025-09-08T18:08:18.938+02:00 DEBUG 21672 --- [SafetyNetAlerts] [           main] c.o.S.s.impl.MedicalRecordServiceImpl    : Get medicalRecord Jacob Boyd
2025-09-08T18:08:18.938+02:00 DEBUG 21672 --- [SafetyNetAlerts] [           main] c.o.S.r.i.MedicalRecordRepositoryImpl    : Repo get medicalRecord Jacob Boyd
2025-09-08T18:08:18.938+02:00  INFO 21672 --- [SafetyNetAlerts] [           main] c.o.S.r.i.MedicalRecordRepositoryImpl    : Repo get -> found Jacob Boyd
2025-09-08T18:08:18.938+02:00 DEBUG 21672 --- [SafetyNetAlerts] [           main] c.o.S.r.i.MedicalRecordRepositoryImpl    : Medical record loaded (details omitted)
2025-09-08T18:08:18.938+02:00  INFO 21672 --- [SafetyNetAlerts] [           main] c.o.S.s.impl.MedicalRecordServiceImpl    : Get medicalRecord -> found (Jacob Boyd)
2025-09-08T18:08:18.938+02:00 DEBUG 21672 --- [SafetyNetAlerts] [           main] c.o.S.s.impl.MedicalRecordServiceImpl    : Medical details loaded (omitted in logs)
2025-09-08T18:08:18.938+02:00 DEBUG 21672 --- [SafetyNetAlerts] [           main] c.o.S.service.impl.PersonServiceImpl     : Computed age for Jacob Boyd -> 36
2025-09-08T18:08:18.938+02:00 DEBUG 21672 --- [SafetyNetAlerts] [           main] c.o.S.service.impl.PersonServiceImpl     : Compute age for Tenley Boyd
2025-09-08T18:08:18.938+02:00 DEBUG 21672 --- [SafetyNetAlerts] [           main] c.o.S.s.impl.MedicalRecordServiceImpl    : Get medicalRecord Tenley Boyd
2025-09-08T18:08:18.938+02:00 DEBUG 21672 --- [SafetyNetAlerts] [           main] c.o.S.r.i.MedicalRecordRepositoryImpl    : Repo get medicalRecord Tenley Boyd
2025-09-08T18:08:18.939+02:00  INFO 21672 --- [SafetyNetAlerts] [           main] c.o.S.r.i.MedicalRecordRepositoryImpl    : Repo get -> found Tenley Boyd
2025-09-08T18:08:18.939+02:00 DEBUG 21672 --- [SafetyNetAlerts] [           main] c.o.S.r.i.MedicalRecordRepositoryImpl    : Medical record loaded (details omitted)
2025-09-08T18:08:18.939+02:00  INFO 21672 --- [SafetyNetAlerts] [           main] c.o.S.s.impl.MedicalRecordServiceImpl    : Get medicalRecord -> found (Tenley Boyd)
2025-09-08T18:08:18.939+02:00 DEBUG 21672 --- [SafetyNetAlerts] [           main] c.o.S.s.impl.MedicalRecordServiceImpl    : Medical details loaded (omitted in logs)
2025-09-08T18:08:18.939+02:00 DEBUG 21672 --- [SafetyNetAlerts] [           main] c.o.S.service.impl.PersonServiceImpl     : Computed age for Tenley Boyd -> 13
2025-09-08T18:08:18.939+02:00 DEBUG 21672 --- [SafetyNetAlerts] [           main] c.o.S.service.impl.PersonServiceImpl     : Compute age for Roger Boyd
2025-09-08T18:08:18.939+02:00 DEBUG 21672 --- [SafetyNetAlerts] [           main] c.o.S.s.impl.MedicalRecordServiceImpl    : Get medicalRecord Roger Boyd
2025-09-08T18:08:18.939+02:00 DEBUG 21672 --- [SafetyNetAlerts] [           main] c.o.S.r.i.MedicalRecordRepositoryImpl    : Repo get medicalRecord Roger Boyd
2025-09-08T18:08:18.939+02:00  INFO 21672 --- [SafetyNetAlerts] [           main] c.o.S.r.i.MedicalRecordRepositoryImpl    : Repo get -> found Roger Boyd
2025-09-08T18:08:18.939+02:00 DEBUG 21672 --- [SafetyNetAlerts] [           main] c.o.S.r.i.MedicalRecordRepositoryImpl    : Medical record loaded (details omitted)
2025-09-08T18:08:18.939+02:00  INFO 21672 --- [SafetyNetAlerts] [           main] c.o.S.s.impl.MedicalRecordServiceImpl    : Get medicalRecord -> found (Roger Boyd)
2025-09-08T18:08:18.939+02:00 DEBUG 21672 --- [SafetyNetAlerts] [           main] c.o.S.s.impl.MedicalRecordServiceImpl    : Medical details loaded (omitted in logs)
2025-09-08T18:08:18.939+02:00 DEBUG 21672 --- [SafetyNetAlerts] [           main] c.o.S.service.impl.PersonServiceImpl     : Computed age for Roger Boyd -> 8
2025-09-08T18:08:18.939+02:00 DEBUG 21672 --- [SafetyNetAlerts] [           main] c.o.S.service.impl.PersonServiceImpl     : Compute age for Felicia Boyd
2025-09-08T18:08:18.939+02:00 DEBUG 21672 --- [SafetyNetAlerts] [           main] c.o.S.s.impl.MedicalRecordServiceImpl    : Get medicalRecord Felicia Boyd
2025-09-08T18:08:18.939+02:00 DEBUG 21672 --- [SafetyNetAlerts] [           main] c.o.S.r.i.MedicalRecordRepositoryImpl    : Repo get medicalRecord Felicia Boyd
2025-09-08T18:08:18.939+02:00  INFO 21672 --- [SafetyNetAlerts] [           main] c.o.S.r.i.MedicalRecordRepositoryImpl    : Repo get -> found Felicia Boyd
2025-09-08T18:08:18.939+02:00 DEBUG 21672 --- [SafetyNetAlerts] [           main] c.o.S.r.i.MedicalRecordRepositoryImpl    : Medical record loaded (details omitted)
2025-09-08T18:08:18.939+02:00  INFO 21672 --- [SafetyNetAlerts] [           main] c.o.S.s.impl.MedicalRecordServiceImpl    : Get medicalRecord -> found (Felicia Boyd)
2025-09-08T18:08:18.939+02:00 DEBUG 21672 --- [SafetyNetAlerts] [           main] c.o.S.s.impl.MedicalRecordServiceImpl    : Medical details loaded (omitted in logs)
2025-09-08T18:08:18.939+02:00 DEBUG 21672 --- [SafetyNetAlerts] [           main] c.o.S.service.impl.PersonServiceImpl     : Computed age for Felicia Boyd -> 39
2025-09-08T18:08:18.939+02:00 DEBUG 21672 --- [SafetyNetAlerts] [           main] c.o.S.service.impl.PersonServiceImpl     : Compute age for Allison Boyd
2025-09-08T18:08:18.940+02:00 DEBUG 21672 --- [SafetyNetAlerts] [           main] c.o.S.s.impl.MedicalRecordServiceImpl    : Get medicalRecord Allison Boyd
2025-09-08T18:08:18.940+02:00 DEBUG 21672 --- [SafetyNetAlerts] [           main] c.o.S.r.i.MedicalRecordRepositoryImpl    : Repo get medicalRecord Allison Boyd
2025-09-08T18:08:18.940+02:00  INFO 21672 --- [SafetyNetAlerts] [           main] c.o.S.r.i.MedicalRecordRepositoryImpl    : Repo get -> found Allison Boyd
2025-09-08T18:08:18.940+02:00 DEBUG 21672 --- [SafetyNetAlerts] [           main] c.o.S.r.i.MedicalRecordRepositoryImpl    : Medical record loaded (details omitted)
2025-09-08T18:08:18.940+02:00  INFO 21672 --- [SafetyNetAlerts] [           main] c.o.S.s.impl.MedicalRecordServiceImpl    : Get medicalRecord -> found (Allison Boyd)
2025-09-08T18:08:18.940+02:00 DEBUG 21672 --- [SafetyNetAlerts] [           main] c.o.S.s.impl.MedicalRecordServiceImpl    : Medical details loaded (omitted in logs)
2025-09-08T18:08:18.940+02:00 DEBUG 21672 --- [SafetyNetAlerts] [           main] c.o.S.service.impl.PersonServiceImpl     : Computed age for Allison Boyd -> 60
2025-09-08T18:08:18.940+02:00  INFO 21672 --- [SafetyNetAlerts] [           main] c.o.S.service.impl.PersonServiceImpl     : personInfo lastName='Boyd' -> results=6
2025-09-08T18:08:18.941+02:00 DEBUG 21672 --- [SafetyNetAlerts] [           main] c.o.S.service.impl.PersonServiceImpl     : personInfo sample names: [John Boyd, Jacob Boyd]
2025-09-08T18:08:18.941+02:00 DEBUG 21672 --- [SafetyNetAlerts] [           main] c.o.S.service.impl.PersonServiceImpl     : personInfo medical details loaded (omitted in logs)
2025-09-08T18:08:18.941+02:00  INFO 21672 --- [SafetyNetAlerts] [           main] c.o.S.controller.PersonController        : GET /personInfolastName -> 200 OK, results=6
2025-09-08T18:08:18.941+02:00 DEBUG 21672 --- [SafetyNetAlerts] [           main] c.o.S.controller.PersonController        : Sample info: [PersonInfoDTO(firstName=John, lastName=Boyd, age=41, address=1509 Culver St, email=jaboyd@email.com, medications=[aznol:350mg, hydrapermazol:100mg], allergies=[nillacilan]), PersonInfoDTO(firstName=Jacob, lastName=Boyd, age=36, address=1509 Culver St, email=drk@email.com, medications=[pharmacol:5000mg, terazine:10mg, noznazol:250mg], allergies=[])]
]]></system-out>
  </testcase>
  <testcase name="getFloodAlertTest" classname="com.openclassrooms.SafetyNetAlerts.integrationtests.ApiIntegrationTest" time="0.022">
    <system-out><![CDATA[2025-09-08T18:08:18.947+02:00  INFO 21672 --- [SafetyNetAlerts] [           main] c.o.S.controller.PersonController        : GET /flood/stations?stations=[1, 2, 3]
2025-09-08T18:08:18.947+02:00  INFO 21672 --- [SafetyNetAlerts] [           main] c.o.S.service.impl.PersonServiceImpl     : FloodAlert for stations=[1, 2, 3]
2025-09-08T18:08:18.947+02:00  INFO 21672 --- [SafetyNetAlerts] [           main] c.o.S.s.impl.FireStationServiceImpl      : FindAll fireStations
2025-09-08T18:08:18.947+02:00  INFO 21672 --- [SafetyNetAlerts] [           main] c.o.S.r.impl.FireStationRepositoryImpl   : Repo findAll fireStations
2025-09-08T18:08:18.947+02:00  INFO 21672 --- [SafetyNetAlerts] [           main] c.o.S.r.impl.FireStationRepositoryImpl   : Repo findAll -> count=13
2025-09-08T18:08:18.948+02:00 DEBUG 21672 --- [SafetyNetAlerts] [           main] c.o.S.r.impl.FireStationRepositoryImpl   : Repo findAll sample: [FireStation(address=1509 Culver St, station=3), FireStation(address=29 15th St, station=2), FireStation(address=834 Binoc Ave, station=3)]
2025-09-08T18:08:18.948+02:00  INFO 21672 --- [SafetyNetAlerts] [           main] c.o.S.s.impl.FireStationServiceImpl      : FindAll fireStations -> count=13
2025-09-08T18:08:18.948+02:00 DEBUG 21672 --- [SafetyNetAlerts] [           main] c.o.S.s.impl.FireStationServiceImpl      : findAll sample: [FireStation(address=1509 Culver St, station=3), FireStation(address=29 15th St, station=2), FireStation(address=834 Binoc Ave, station=3)]
2025-09-08T18:08:18.948+02:00  INFO 21672 --- [SafetyNetAlerts] [           main] c.o.S.r.impl.PersonRepositoryImpl        : Repo findAll persons
2025-09-08T18:08:18.948+02:00  INFO 21672 --- [SafetyNetAlerts] [           main] c.o.S.r.impl.PersonRepositoryImpl        : Repo findAll -> count=23
2025-09-08T18:08:18.948+02:00 DEBUG 21672 --- [SafetyNetAlerts] [           main] c.o.S.r.impl.PersonRepositoryImpl        : Repo findAll sample: [Person(firstName=John, lastName=Boyd, address=1509 Culver St, city=Culver, zip=97451, phone=841-874-6512, email=jaboyd@email.com), Person(firstName=Jacob, lastName=Boyd, address=1509 Culver St, city=Culver, zip=97451, phone=841-874-6513, email=drk@email.com), Person(firstName=Tenley, lastName=Boyd, address=1509 Culver St, city=Culver, zip=97451, phone=841-874-6512, email=tenz@email.com)]
2025-09-08T18:08:18.948+02:00 DEBUG 21672 --- [SafetyNetAlerts] [           main] c.o.S.service.impl.PersonServiceImpl     : Found 13 fireStation mappings
2025-09-08T18:08:18.948+02:00 DEBUG 21672 --- [SafetyNetAlerts] [           main] c.o.S.service.impl.PersonServiceImpl     : Persons total: 23
2025-09-08T18:08:18.948+02:00 DEBUG 21672 --- [SafetyNetAlerts] [           main] c.o.S.service.impl.PersonServiceImpl     : floodAlert -> stations=[1, 2, 3] cover 10 addresses
2025-09-08T18:08:18.948+02:00 DEBUG 21672 --- [SafetyNetAlerts] [           main] c.o.S.s.impl.MedicalRecordServiceImpl    : Get medicalRecord Peter Duncan
2025-09-08T18:08:18.948+02:00 DEBUG 21672 --- [SafetyNetAlerts] [           main] c.o.S.r.i.MedicalRecordRepositoryImpl    : Repo get medicalRecord Peter Duncan
2025-09-08T18:08:18.948+02:00  INFO 21672 --- [SafetyNetAlerts] [           main] c.o.S.r.i.MedicalRecordRepositoryImpl    : Repo get -> found Peter Duncan
2025-09-08T18:08:18.948+02:00 DEBUG 21672 --- [SafetyNetAlerts] [           main] c.o.S.r.i.MedicalRecordRepositoryImpl    : Medical record loaded (details omitted)
2025-09-08T18:08:18.948+02:00  INFO 21672 --- [SafetyNetAlerts] [           main] c.o.S.s.impl.MedicalRecordServiceImpl    : Get medicalRecord -> found (Peter Duncan)
2025-09-08T18:08:18.948+02:00 DEBUG 21672 --- [SafetyNetAlerts] [           main] c.o.S.s.impl.MedicalRecordServiceImpl    : Medical details loaded (omitted in logs)
2025-09-08T18:08:18.948+02:00 DEBUG 21672 --- [SafetyNetAlerts] [           main] c.o.S.s.impl.MedicalRecordServiceImpl    : Get medicalRecord Reginold Walker
2025-09-08T18:08:18.948+02:00 DEBUG 21672 --- [SafetyNetAlerts] [           main] c.o.S.r.i.MedicalRecordRepositoryImpl    : Repo get medicalRecord Reginold Walker
2025-09-08T18:08:18.948+02:00  INFO 21672 --- [SafetyNetAlerts] [           main] c.o.S.r.i.MedicalRecordRepositoryImpl    : Repo get -> found Reginold Walker
2025-09-08T18:08:18.948+02:00 DEBUG 21672 --- [SafetyNetAlerts] [           main] c.o.S.r.i.MedicalRecordRepositoryImpl    : Medical record loaded (details omitted)
2025-09-08T18:08:18.948+02:00  INFO 21672 --- [SafetyNetAlerts] [           main] c.o.S.s.impl.MedicalRecordServiceImpl    : Get medicalRecord -> found (Reginold Walker)
2025-09-08T18:08:18.948+02:00 DEBUG 21672 --- [SafetyNetAlerts] [           main] c.o.S.s.impl.MedicalRecordServiceImpl    : Medical details loaded (omitted in logs)
2025-09-08T18:08:18.948+02:00 DEBUG 21672 --- [SafetyNetAlerts] [           main] c.o.S.s.impl.MedicalRecordServiceImpl    : Get medicalRecord Jamie Peters
2025-09-08T18:08:18.949+02:00 DEBUG 21672 --- [SafetyNetAlerts] [           main] c.o.S.r.i.MedicalRecordRepositoryImpl    : Repo get medicalRecord Jamie Peters
2025-09-08T18:08:18.949+02:00  INFO 21672 --- [SafetyNetAlerts] [           main] c.o.S.r.i.MedicalRecordRepositoryImpl    : Repo get -> found Jamie Peters
2025-09-08T18:08:18.949+02:00 DEBUG 21672 --- [SafetyNetAlerts] [           main] c.o.S.r.i.MedicalRecordRepositoryImpl    : Medical record loaded (details omitted)
2025-09-08T18:08:18.949+02:00  INFO 21672 --- [SafetyNetAlerts] [           main] c.o.S.s.impl.MedicalRecordServiceImpl    : Get medicalRecord -> found (Jamie Peters)
2025-09-08T18:08:18.949+02:00 DEBUG 21672 --- [SafetyNetAlerts] [           main] c.o.S.s.impl.MedicalRecordServiceImpl    : Medical details loaded (omitted in logs)
2025-09-08T18:08:18.949+02:00 DEBUG 21672 --- [SafetyNetAlerts] [           main] c.o.S.s.impl.MedicalRecordServiceImpl    : Get medicalRecord Brian Stelzer
2025-09-08T18:08:18.949+02:00 DEBUG 21672 --- [SafetyNetAlerts] [           main] c.o.S.r.i.MedicalRecordRepositoryImpl    : Repo get medicalRecord Brian Stelzer
2025-09-08T18:08:18.949+02:00  INFO 21672 --- [SafetyNetAlerts] [           main] c.o.S.r.i.MedicalRecordRepositoryImpl    : Repo get -> found Brian Stelzer
2025-09-08T18:08:18.949+02:00 DEBUG 21672 --- [SafetyNetAlerts] [           main] c.o.S.r.i.MedicalRecordRepositoryImpl    : Medical record loaded (details omitted)
2025-09-08T18:08:18.949+02:00  INFO 21672 --- [SafetyNetAlerts] [           main] c.o.S.s.impl.MedicalRecordServiceImpl    : Get medicalRecord -> found (Brian Stelzer)
2025-09-08T18:08:18.949+02:00 DEBUG 21672 --- [SafetyNetAlerts] [           main] c.o.S.s.impl.MedicalRecordServiceImpl    : Medical details loaded (omitted in logs)
2025-09-08T18:08:18.949+02:00 DEBUG 21672 --- [SafetyNetAlerts] [           main] c.o.S.s.impl.MedicalRecordServiceImpl    : Get medicalRecord Shawna Stelzer
2025-09-08T18:08:18.949+02:00 DEBUG 21672 --- [SafetyNetAlerts] [           main] c.o.S.r.i.MedicalRecordRepositoryImpl    : Repo get medicalRecord Shawna Stelzer
2025-09-08T18:08:18.949+02:00  INFO 21672 --- [SafetyNetAlerts] [           main] c.o.S.r.i.MedicalRecordRepositoryImpl    : Repo get -> found Shawna Stelzer
2025-09-08T18:08:18.949+02:00 DEBUG 21672 --- [SafetyNetAlerts] [           main] c.o.S.r.i.MedicalRecordRepositoryImpl    : Medical record loaded (details omitted)
2025-09-08T18:08:18.949+02:00  INFO 21672 --- [SafetyNetAlerts] [           main] c.o.S.s.impl.MedicalRecordServiceImpl    : Get medicalRecord -> found (Shawna Stelzer)
2025-09-08T18:08:18.949+02:00 DEBUG 21672 --- [SafetyNetAlerts] [           main] c.o.S.s.impl.MedicalRecordServiceImpl    : Medical details loaded (omitted in logs)
2025-09-08T18:08:18.949+02:00 DEBUG 21672 --- [SafetyNetAlerts] [           main] c.o.S.s.impl.MedicalRecordServiceImpl    : Get medicalRecord Kendrik Stelzer
2025-09-08T18:08:18.949+02:00 DEBUG 21672 --- [SafetyNetAlerts] [           main] c.o.S.r.i.MedicalRecordRepositoryImpl    : Repo get medicalRecord Kendrik Stelzer
2025-09-08T18:08:18.949+02:00  INFO 21672 --- [SafetyNetAlerts] [           main] c.o.S.r.i.MedicalRecordRepositoryImpl    : Repo get -> found Kendrik Stelzer
2025-09-08T18:08:18.949+02:00 DEBUG 21672 --- [SafetyNetAlerts] [           main] c.o.S.r.i.MedicalRecordRepositoryImpl    : Medical record loaded (details omitted)
2025-09-08T18:08:18.949+02:00  INFO 21672 --- [SafetyNetAlerts] [           main] c.o.S.s.impl.MedicalRecordServiceImpl    : Get medicalRecord -> found (Kendrik Stelzer)
2025-09-08T18:08:18.949+02:00 DEBUG 21672 --- [SafetyNetAlerts] [           main] c.o.S.s.impl.MedicalRecordServiceImpl    : Medical details loaded (omitted in logs)
2025-09-08T18:08:18.949+02:00 DEBUG 21672 --- [SafetyNetAlerts] [           main] c.o.S.s.impl.MedicalRecordServiceImpl    : Get medicalRecord Jonanathan Marrack
2025-09-08T18:08:18.949+02:00 DEBUG 21672 --- [SafetyNetAlerts] [           main] c.o.S.r.i.MedicalRecordRepositoryImpl    : Repo get medicalRecord Jonanathan Marrack
2025-09-08T18:08:18.950+02:00  INFO 21672 --- [SafetyNetAlerts] [           main] c.o.S.r.i.MedicalRecordRepositoryImpl    : Repo get -> found Jonanathan Marrack
2025-09-08T18:08:18.950+02:00 DEBUG 21672 --- [SafetyNetAlerts] [           main] c.o.S.r.i.MedicalRecordRepositoryImpl    : Medical record loaded (details omitted)
2025-09-08T18:08:18.950+02:00  INFO 21672 --- [SafetyNetAlerts] [           main] c.o.S.s.impl.MedicalRecordServiceImpl    : Get medicalRecord -> found (Jonanathan Marrack)
2025-09-08T18:08:18.950+02:00 DEBUG 21672 --- [SafetyNetAlerts] [           main] c.o.S.s.impl.MedicalRecordServiceImpl    : Medical details loaded (omitted in logs)
2025-09-08T18:08:18.950+02:00 DEBUG 21672 --- [SafetyNetAlerts] [           main] c.o.S.s.impl.MedicalRecordServiceImpl    : Get medicalRecord Sophia Zemicks
2025-09-08T18:08:18.950+02:00 DEBUG 21672 --- [SafetyNetAlerts] [           main] c.o.S.r.i.MedicalRecordRepositoryImpl    : Repo get medicalRecord Sophia Zemicks
2025-09-08T18:08:18.950+02:00  INFO 21672 --- [SafetyNetAlerts] [           main] c.o.S.r.i.MedicalRecordRepositoryImpl    : Repo get -> found Sophia Zemicks
2025-09-08T18:08:18.950+02:00 DEBUG 21672 --- [SafetyNetAlerts] [           main] c.o.S.r.i.MedicalRecordRepositoryImpl    : Medical record loaded (details omitted)
2025-09-08T18:08:18.950+02:00  INFO 21672 --- [SafetyNetAlerts] [           main] c.o.S.s.impl.MedicalRecordServiceImpl    : Get medicalRecord -> found (Sophia Zemicks)
2025-09-08T18:08:18.950+02:00 DEBUG 21672 --- [SafetyNetAlerts] [           main] c.o.S.s.impl.MedicalRecordServiceImpl    : Medical details loaded (omitted in logs)
2025-09-08T18:08:18.950+02:00 DEBUG 21672 --- [SafetyNetAlerts] [           main] c.o.S.s.impl.MedicalRecordServiceImpl    : Get medicalRecord Warren Zemicks
2025-09-08T18:08:18.950+02:00 DEBUG 21672 --- [SafetyNetAlerts] [           main] c.o.S.r.i.MedicalRecordRepositoryImpl    : Repo get medicalRecord Warren Zemicks
2025-09-08T18:08:18.950+02:00  INFO 21672 --- [SafetyNetAlerts] [           main] c.o.S.r.i.MedicalRecordRepositoryImpl    : Repo get -> found Warren Zemicks
2025-09-08T18:08:18.950+02:00 DEBUG 21672 --- [SafetyNetAlerts] [           main] c.o.S.r.i.MedicalRecordRepositoryImpl    : Medical record loaded (details omitted)
2025-09-08T18:08:18.950+02:00  INFO 21672 --- [SafetyNetAlerts] [           main] c.o.S.s.impl.MedicalRecordServiceImpl    : Get medicalRecord -> found (Warren Zemicks)
2025-09-08T18:08:18.950+02:00 DEBUG 21672 --- [SafetyNetAlerts] [           main] c.o.S.s.impl.MedicalRecordServiceImpl    : Medical details loaded (omitted in logs)
2025-09-08T18:08:18.950+02:00 DEBUG 21672 --- [SafetyNetAlerts] [           main] c.o.S.s.impl.MedicalRecordServiceImpl    : Get medicalRecord Zach Zemicks
2025-09-08T18:08:18.950+02:00 DEBUG 21672 --- [SafetyNetAlerts] [           main] c.o.S.r.i.MedicalRecordRepositoryImpl    : Repo get medicalRecord Zach Zemicks
2025-09-08T18:08:18.950+02:00  INFO 21672 --- [SafetyNetAlerts] [           main] c.o.S.r.i.MedicalRecordRepositoryImpl    : Repo get -> found Zach Zemicks
2025-09-08T18:08:18.950+02:00 DEBUG 21672 --- [SafetyNetAlerts] [           main] c.o.S.r.i.MedicalRecordRepositoryImpl    : Medical record loaded (details omitted)
2025-09-08T18:08:18.950+02:00  INFO 21672 --- [SafetyNetAlerts] [           main] c.o.S.s.impl.MedicalRecordServiceImpl    : Get medicalRecord -> found (Zach Zemicks)
2025-09-08T18:08:18.950+02:00 DEBUG 21672 --- [SafetyNetAlerts] [           main] c.o.S.s.impl.MedicalRecordServiceImpl    : Medical details loaded (omitted in logs)
2025-09-08T18:08:18.950+02:00 DEBUG 21672 --- [SafetyNetAlerts] [           main] c.o.S.s.impl.MedicalRecordServiceImpl    : Get medicalRecord Eric Cadigan
2025-09-08T18:08:18.951+02:00 DEBUG 21672 --- [SafetyNetAlerts] [           main] c.o.S.r.i.MedicalRecordRepositoryImpl    : Repo get medicalRecord Eric Cadigan
2025-09-08T18:08:18.951+02:00  INFO 21672 --- [SafetyNetAlerts] [           main] c.o.S.r.i.MedicalRecordRepositoryImpl    : Repo get -> found Eric Cadigan
2025-09-08T18:08:18.951+02:00 DEBUG 21672 --- [SafetyNetAlerts] [           main] c.o.S.r.i.MedicalRecordRepositoryImpl    : Medical record loaded (details omitted)
2025-09-08T18:08:18.951+02:00  INFO 21672 --- [SafetyNetAlerts] [           main] c.o.S.s.impl.MedicalRecordServiceImpl    : Get medicalRecord -> found (Eric Cadigan)
2025-09-08T18:08:18.951+02:00 DEBUG 21672 --- [SafetyNetAlerts] [           main] c.o.S.s.impl.MedicalRecordServiceImpl    : Medical details loaded (omitted in logs)
2025-09-08T18:08:18.951+02:00 DEBUG 21672 --- [SafetyNetAlerts] [           main] c.o.S.s.impl.MedicalRecordServiceImpl    : Get medicalRecord John Boyd
2025-09-08T18:08:18.951+02:00 DEBUG 21672 --- [SafetyNetAlerts] [           main] c.o.S.r.i.MedicalRecordRepositoryImpl    : Repo get medicalRecord John Boyd
2025-09-08T18:08:18.951+02:00  INFO 21672 --- [SafetyNetAlerts] [           main] c.o.S.r.i.MedicalRecordRepositoryImpl    : Repo get -> found John Boyd
2025-09-08T18:08:18.951+02:00 DEBUG 21672 --- [SafetyNetAlerts] [           main] c.o.S.r.i.MedicalRecordRepositoryImpl    : Medical record loaded (details omitted)
2025-09-08T18:08:18.951+02:00  INFO 21672 --- [SafetyNetAlerts] [           main] c.o.S.s.impl.MedicalRecordServiceImpl    : Get medicalRecord -> found (John Boyd)
2025-09-08T18:08:18.951+02:00 DEBUG 21672 --- [SafetyNetAlerts] [           main] c.o.S.s.impl.MedicalRecordServiceImpl    : Medical details loaded (omitted in logs)
2025-09-08T18:08:18.951+02:00 DEBUG 21672 --- [SafetyNetAlerts] [           main] c.o.S.s.impl.MedicalRecordServiceImpl    : Get medicalRecord Jacob Boyd
2025-09-08T18:08:18.951+02:00 DEBUG 21672 --- [SafetyNetAlerts] [           main] c.o.S.r.i.MedicalRecordRepositoryImpl    : Repo get medicalRecord Jacob Boyd
2025-09-08T18:08:18.951+02:00  INFO 21672 --- [SafetyNetAlerts] [           main] c.o.S.r.i.MedicalRecordRepositoryImpl    : Repo get -> found Jacob Boyd
2025-09-08T18:08:18.951+02:00 DEBUG 21672 --- [SafetyNetAlerts] [           main] c.o.S.r.i.MedicalRecordRepositoryImpl    : Medical record loaded (details omitted)
2025-09-08T18:08:18.951+02:00  INFO 21672 --- [SafetyNetAlerts] [           main] c.o.S.s.impl.MedicalRecordServiceImpl    : Get medicalRecord -> found (Jacob Boyd)
2025-09-08T18:08:18.951+02:00 DEBUG 21672 --- [SafetyNetAlerts] [           main] c.o.S.s.impl.MedicalRecordServiceImpl    : Medical details loaded (omitted in logs)
2025-09-08T18:08:18.951+02:00 DEBUG 21672 --- [SafetyNetAlerts] [           main] c.o.S.s.impl.MedicalRecordServiceImpl    : Get medicalRecord Tenley Boyd
2025-09-08T18:08:18.951+02:00 DEBUG 21672 --- [SafetyNetAlerts] [           main] c.o.S.r.i.MedicalRecordRepositoryImpl    : Repo get medicalRecord Tenley Boyd
2025-09-08T18:08:18.951+02:00  INFO 21672 --- [SafetyNetAlerts] [           main] c.o.S.r.i.MedicalRecordRepositoryImpl    : Repo get -> found Tenley Boyd
2025-09-08T18:08:18.951+02:00 DEBUG 21672 --- [SafetyNetAlerts] [           main] c.o.S.r.i.MedicalRecordRepositoryImpl    : Medical record loaded (details omitted)
2025-09-08T18:08:18.952+02:00  INFO 21672 --- [SafetyNetAlerts] [           main] c.o.S.s.impl.MedicalRecordServiceImpl    : Get medicalRecord -> found (Tenley Boyd)
2025-09-08T18:08:18.952+02:00 DEBUG 21672 --- [SafetyNetAlerts] [           main] c.o.S.s.impl.MedicalRecordServiceImpl    : Medical details loaded (omitted in logs)
2025-09-08T18:08:18.952+02:00 DEBUG 21672 --- [SafetyNetAlerts] [           main] c.o.S.s.impl.MedicalRecordServiceImpl    : Get medicalRecord Roger Boyd
2025-09-08T18:08:18.952+02:00 DEBUG 21672 --- [SafetyNetAlerts] [           main] c.o.S.r.i.MedicalRecordRepositoryImpl    : Repo get medicalRecord Roger Boyd
2025-09-08T18:08:18.952+02:00  INFO 21672 --- [SafetyNetAlerts] [           main] c.o.S.r.i.MedicalRecordRepositoryImpl    : Repo get -> found Roger Boyd
2025-09-08T18:08:18.952+02:00 DEBUG 21672 --- [SafetyNetAlerts] [           main] c.o.S.r.i.MedicalRecordRepositoryImpl    : Medical record loaded (details omitted)
2025-09-08T18:08:18.952+02:00  INFO 21672 --- [SafetyNetAlerts] [           main] c.o.S.s.impl.MedicalRecordServiceImpl    : Get medicalRecord -> found (Roger Boyd)
2025-09-08T18:08:18.952+02:00 DEBUG 21672 --- [SafetyNetAlerts] [           main] c.o.S.s.impl.MedicalRecordServiceImpl    : Medical details loaded (omitted in logs)
2025-09-08T18:08:18.952+02:00 DEBUG 21672 --- [SafetyNetAlerts] [           main] c.o.S.s.impl.MedicalRecordServiceImpl    : Get medicalRecord Felicia Boyd
2025-09-08T18:08:18.952+02:00 DEBUG 21672 --- [SafetyNetAlerts] [           main] c.o.S.r.i.MedicalRecordRepositoryImpl    : Repo get medicalRecord Felicia Boyd
2025-09-08T18:08:18.952+02:00  INFO 21672 --- [SafetyNetAlerts] [           main] c.o.S.r.i.MedicalRecordRepositoryImpl    : Repo get -> found Felicia Boyd
2025-09-08T18:08:18.952+02:00 DEBUG 21672 --- [SafetyNetAlerts] [           main] c.o.S.r.i.MedicalRecordRepositoryImpl    : Medical record loaded (details omitted)
2025-09-08T18:08:18.952+02:00  INFO 21672 --- [SafetyNetAlerts] [           main] c.o.S.s.impl.MedicalRecordServiceImpl    : Get medicalRecord -> found (Felicia Boyd)
2025-09-08T18:08:18.952+02:00 DEBUG 21672 --- [SafetyNetAlerts] [           main] c.o.S.s.impl.MedicalRecordServiceImpl    : Medical details loaded (omitted in logs)
2025-09-08T18:08:18.952+02:00 DEBUG 21672 --- [SafetyNetAlerts] [           main] c.o.S.s.impl.MedicalRecordServiceImpl    : Get medicalRecord Tessa Carman
2025-09-08T18:08:18.952+02:00 DEBUG 21672 --- [SafetyNetAlerts] [           main] c.o.S.r.i.MedicalRecordRepositoryImpl    : Repo get medicalRecord Tessa Carman
2025-09-08T18:08:18.952+02:00  INFO 21672 --- [SafetyNetAlerts] [           main] c.o.S.r.i.MedicalRecordRepositoryImpl    : Repo get -> found Tessa Carman
2025-09-08T18:08:18.952+02:00 DEBUG 21672 --- [SafetyNetAlerts] [           main] c.o.S.r.i.MedicalRecordRepositoryImpl    : Medical record loaded (details omitted)
2025-09-08T18:08:18.952+02:00  INFO 21672 --- [SafetyNetAlerts] [           main] c.o.S.s.impl.MedicalRecordServiceImpl    : Get medicalRecord -> found (Tessa Carman)
2025-09-08T18:08:18.952+02:00 DEBUG 21672 --- [SafetyNetAlerts] [           main] c.o.S.s.impl.MedicalRecordServiceImpl    : Medical details loaded (omitted in logs)
2025-09-08T18:08:18.952+02:00 DEBUG 21672 --- [SafetyNetAlerts] [           main] c.o.S.s.impl.MedicalRecordServiceImpl    : Get medicalRecord Foster Shepard
2025-09-08T18:08:18.952+02:00 DEBUG 21672 --- [SafetyNetAlerts] [           main] c.o.S.r.i.MedicalRecordRepositoryImpl    : Repo get medicalRecord Foster Shepard
2025-09-08T18:08:18.952+02:00  INFO 21672 --- [SafetyNetAlerts] [           main] c.o.S.r.i.MedicalRecordRepositoryImpl    : Repo get -> found Foster Shepard
2025-09-08T18:08:18.953+02:00 DEBUG 21672 --- [SafetyNetAlerts] [           main] c.o.S.r.i.MedicalRecordRepositoryImpl    : Medical record loaded (details omitted)
2025-09-08T18:08:18.953+02:00  INFO 21672 --- [SafetyNetAlerts] [           main] c.o.S.s.impl.MedicalRecordServiceImpl    : Get medicalRecord -> found (Foster Shepard)
2025-09-08T18:08:18.953+02:00 DEBUG 21672 --- [SafetyNetAlerts] [           main] c.o.S.s.impl.MedicalRecordServiceImpl    : Medical details loaded (omitted in logs)
2025-09-08T18:08:18.953+02:00 DEBUG 21672 --- [SafetyNetAlerts] [           main] c.o.S.s.impl.MedicalRecordServiceImpl    : Get medicalRecord Clive Ferguson
2025-09-08T18:08:18.953+02:00 DEBUG 21672 --- [SafetyNetAlerts] [           main] c.o.S.r.i.MedicalRecordRepositoryImpl    : Repo get medicalRecord Clive Ferguson
2025-09-08T18:08:18.953+02:00  INFO 21672 --- [SafetyNetAlerts] [           main] c.o.S.r.i.MedicalRecordRepositoryImpl    : Repo get -> found Clive Ferguson
2025-09-08T18:08:18.953+02:00 DEBUG 21672 --- [SafetyNetAlerts] [           main] c.o.S.r.i.MedicalRecordRepositoryImpl    : Medical record loaded (details omitted)
2025-09-08T18:08:18.953+02:00  INFO 21672 --- [SafetyNetAlerts] [           main] c.o.S.s.impl.MedicalRecordServiceImpl    : Get medicalRecord -> found (Clive Ferguson)
2025-09-08T18:08:18.953+02:00 DEBUG 21672 --- [SafetyNetAlerts] [           main] c.o.S.s.impl.MedicalRecordServiceImpl    : Medical details loaded (omitted in logs)
2025-09-08T18:08:18.953+02:00 DEBUG 21672 --- [SafetyNetAlerts] [           main] c.o.S.s.impl.MedicalRecordServiceImpl    : Get medicalRecord Tony Cooper
2025-09-08T18:08:18.953+02:00 DEBUG 21672 --- [SafetyNetAlerts] [           main] c.o.S.r.i.MedicalRecordRepositoryImpl    : Repo get medicalRecord Tony Cooper
2025-09-08T18:08:18.953+02:00  INFO 21672 --- [SafetyNetAlerts] [           main] c.o.S.r.i.MedicalRecordRepositoryImpl    : Repo get -> found Tony Cooper
2025-09-08T18:08:18.953+02:00 DEBUG 21672 --- [SafetyNetAlerts] [           main] c.o.S.r.i.MedicalRecordRepositoryImpl    : Medical record loaded (details omitted)
2025-09-08T18:08:18.953+02:00  INFO 21672 --- [SafetyNetAlerts] [           main] c.o.S.s.impl.MedicalRecordServiceImpl    : Get medicalRecord -> found (Tony Cooper)
2025-09-08T18:08:18.953+02:00 DEBUG 21672 --- [SafetyNetAlerts] [           main] c.o.S.s.impl.MedicalRecordServiceImpl    : Medical details loaded (omitted in logs)
2025-09-08T18:08:18.953+02:00 DEBUG 21672 --- [SafetyNetAlerts] [           main] c.o.S.s.impl.MedicalRecordServiceImpl    : Get medicalRecord Ron Peters
2025-09-08T18:08:18.953+02:00 DEBUG 21672 --- [SafetyNetAlerts] [           main] c.o.S.r.i.MedicalRecordRepositoryImpl    : Repo get medicalRecord Ron Peters
2025-09-08T18:08:18.953+02:00  INFO 21672 --- [SafetyNetAlerts] [           main] c.o.S.r.i.MedicalRecordRepositoryImpl    : Repo get -> found Ron Peters
2025-09-08T18:08:18.953+02:00 DEBUG 21672 --- [SafetyNetAlerts] [           main] c.o.S.r.i.MedicalRecordRepositoryImpl    : Medical record loaded (details omitted)
2025-09-08T18:08:18.953+02:00  INFO 21672 --- [SafetyNetAlerts] [           main] c.o.S.s.impl.MedicalRecordServiceImpl    : Get medicalRecord -> found (Ron Peters)
2025-09-08T18:08:18.953+02:00 DEBUG 21672 --- [SafetyNetAlerts] [           main] c.o.S.s.impl.MedicalRecordServiceImpl    : Medical details loaded (omitted in logs)
2025-09-08T18:08:18.953+02:00 DEBUG 21672 --- [SafetyNetAlerts] [           main] c.o.S.s.impl.MedicalRecordServiceImpl    : Get medicalRecord Allison Boyd
2025-09-08T18:08:18.953+02:00 DEBUG 21672 --- [SafetyNetAlerts] [           main] c.o.S.r.i.MedicalRecordRepositoryImpl    : Repo get medicalRecord Allison Boyd
2025-09-08T18:08:18.953+02:00  INFO 21672 --- [SafetyNetAlerts] [           main] c.o.S.r.i.MedicalRecordRepositoryImpl    : Repo get -> found Allison Boyd
2025-09-08T18:08:18.953+02:00 DEBUG 21672 --- [SafetyNetAlerts] [           main] c.o.S.r.i.MedicalRecordRepositoryImpl    : Medical record loaded (details omitted)
2025-09-08T18:08:18.953+02:00  INFO 21672 --- [SafetyNetAlerts] [           main] c.o.S.s.impl.MedicalRecordServiceImpl    : Get medicalRecord -> found (Allison Boyd)
2025-09-08T18:08:18.953+02:00 DEBUG 21672 --- [SafetyNetAlerts] [           main] c.o.S.s.impl.MedicalRecordServiceImpl    : Medical details loaded (omitted in logs)
2025-09-08T18:08:18.953+02:00  INFO 21672 --- [SafetyNetAlerts] [           main] c.o.S.service.impl.PersonServiceImpl     : floodAlert stations=[1, 2, 3] -> households=10
2025-09-08T18:08:18.955+02:00 DEBUG 21672 --- [SafetyNetAlerts] [           main] c.o.S.service.impl.PersonServiceImpl     : floodAlert first addresses: [644 Gershwin Cir, 908 73rd St]
2025-09-08T18:08:18.955+02:00 DEBUG 21672 --- [SafetyNetAlerts] [           main] c.o.S.service.impl.PersonServiceImpl     : floodAlert medical details loaded (omitted in logs)
2025-09-08T18:08:18.955+02:00  INFO 21672 --- [SafetyNetAlerts] [           main] c.o.S.controller.PersonController        : GET /flood/stations -> 200 OK, households=10
2025-09-08T18:08:18.955+02:00 DEBUG 21672 --- [SafetyNetAlerts] [           main] c.o.S.controller.PersonController        : First households: [FloodAlertAddressDTO(address=644 Gershwin Cir, listPerson=[FloodAlertPersonDTO(firstName=Peter, lastName=Duncan, phone=841-874-6512, age=25, medications=[], allergies=[shellfish])]), FloodAlertAddressDTO(address=908 73rd St, listPerson=[FloodAlertPersonDTO(firstName=Reginold, lastName=Walker, phone=841-874-8547, age=46, medications=[thradox:700mg], allergies=[illisoxian]), FloodAlertPersonDTO(firstName=Jamie, lastName=Peters, phone=841-874-7462, age=43, medications=[], allergies=[])])]
]]></system-out>
  </testcase>
  <testcase name="getPersonTest" classname="com.openclassrooms.SafetyNetAlerts.integrationtests.ApiIntegrationTest" time="0.005">
    <system-out><![CDATA[2025-09-08T18:08:18.969+02:00  INFO 21672 --- [SafetyNetAlerts] [           main] c.o.S.controller.PersonController        : GET /person firstName='John' lastName='Boyd'
2025-09-08T18:08:18.970+02:00 DEBUG 21672 --- [SafetyNetAlerts] [           main] c.o.S.service.impl.PersonServiceImpl     : Get person John Boyd
2025-09-08T18:08:18.970+02:00 DEBUG 21672 --- [SafetyNetAlerts] [           main] c.o.S.r.impl.PersonRepositoryImpl        : Repo get person John Boyd
2025-09-08T18:08:18.970+02:00  INFO 21672 --- [SafetyNetAlerts] [           main] c.o.S.r.impl.PersonRepositoryImpl        : Repo get -> found John Boyd
2025-09-08T18:08:18.970+02:00 DEBUG 21672 --- [SafetyNetAlerts] [           main] c.o.S.r.impl.PersonRepositoryImpl        : Repo get result: Person(firstName=John, lastName=Boyd, address=1509 Culver St, city=Culver, zip=97451, phone=841-874-6512, email=jaboyd@email.com)
2025-09-08T18:08:18.970+02:00  INFO 21672 --- [SafetyNetAlerts] [           main] c.o.S.service.impl.PersonServiceImpl     : Get person -> found (John Boyd)
2025-09-08T18:08:18.970+02:00 DEBUG 21672 --- [SafetyNetAlerts] [           main] c.o.S.service.impl.PersonServiceImpl     : Get person -> Person(firstName=John, lastName=Boyd, address=1509 Culver St, city=Culver, zip=97451, phone=841-874-6512, email=jaboyd@email.com)
2025-09-08T18:08:18.970+02:00  INFO 21672 --- [SafetyNetAlerts] [           main] c.o.S.controller.PersonController        : GET /person -> 200 OK
2025-09-08T18:08:18.970+02:00 DEBUG 21672 --- [SafetyNetAlerts] [           main] c.o.S.controller.PersonController        : Result person: Person(firstName=John, lastName=Boyd, address=1509 Culver St, city=Culver, zip=97451, phone=841-874-6512, email=jaboyd@email.com)
]]></system-out>
  </testcase>
  <testcase name="getPersonsCoveredByStationTest" classname="com.openclassrooms.SafetyNetAlerts.integrationtests.ApiIntegrationTest" time="0.009">
    <system-out><![CDATA[2025-09-08T18:08:18.975+02:00  INFO 21672 --- [SafetyNetAlerts] [           main] c.o.S.controller.PersonController        : GET /firestation stationNumber=3
2025-09-08T18:08:18.975+02:00  INFO 21672 --- [SafetyNetAlerts] [           main] c.o.S.service.impl.PersonServiceImpl     : Coverage by station stationNumber=3
2025-09-08T18:08:18.975+02:00  INFO 21672 --- [SafetyNetAlerts] [           main] c.o.S.s.impl.FireStationServiceImpl      : FindAll fireStations
2025-09-08T18:08:18.975+02:00  INFO 21672 --- [SafetyNetAlerts] [           main] c.o.S.r.impl.FireStationRepositoryImpl   : Repo findAll fireStations
2025-09-08T18:08:18.975+02:00  INFO 21672 --- [SafetyNetAlerts] [           main] c.o.S.r.impl.FireStationRepositoryImpl   : Repo findAll -> count=13
2025-09-08T18:08:18.975+02:00 DEBUG 21672 --- [SafetyNetAlerts] [           main] c.o.S.r.impl.FireStationRepositoryImpl   : Repo findAll sample: [FireStation(address=1509 Culver St, station=3), FireStation(address=29 15th St, station=2), FireStation(address=834 Binoc Ave, station=3)]
2025-09-08T18:08:18.975+02:00  INFO 21672 --- [SafetyNetAlerts] [           main] c.o.S.s.impl.FireStationServiceImpl      : FindAll fireStations -> count=13
2025-09-08T18:08:18.975+02:00 DEBUG 21672 --- [SafetyNetAlerts] [           main] c.o.S.s.impl.FireStationServiceImpl      : findAll sample: [FireStation(address=1509 Culver St, station=3), FireStation(address=29 15th St, station=2), FireStation(address=834 Binoc Ave, station=3)]
2025-09-08T18:08:18.975+02:00 DEBUG 21672 --- [SafetyNetAlerts] [           main] c.o.S.service.impl.PersonServiceImpl     : Found 13 fireStation mappings
2025-09-08T18:08:18.975+02:00 DEBUG 21672 --- [SafetyNetAlerts] [           main] c.o.S.service.impl.PersonServiceImpl     : Station 3 covers 5 addresses
2025-09-08T18:08:18.975+02:00  INFO 21672 --- [SafetyNetAlerts] [           main] c.o.S.r.impl.PersonRepositoryImpl        : Repo findAll persons
2025-09-08T18:08:18.975+02:00  INFO 21672 --- [SafetyNetAlerts] [           main] c.o.S.r.impl.PersonRepositoryImpl        : Repo findAll -> count=23
2025-09-08T18:08:18.975+02:00 DEBUG 21672 --- [SafetyNetAlerts] [           main] c.o.S.r.impl.PersonRepositoryImpl        : Repo findAll sample: [Person(firstName=John, lastName=Boyd, address=1509 Culver St, city=Culver, zip=97451, phone=841-874-6512, email=jaboyd@email.com), Person(firstName=Jacob, lastName=Boyd, address=1509 Culver St, city=Culver, zip=97451, phone=841-874-6513, email=drk@email.com), Person(firstName=Tenley, lastName=Boyd, address=1509 Culver St, city=Culver, zip=97451, phone=841-874-6512, email=tenz@email.com)]
2025-09-08T18:08:18.975+02:00 DEBUG 21672 --- [SafetyNetAlerts] [           main] c.o.S.service.impl.PersonServiceImpl     : Total persons in repository: 23
2025-09-08T18:08:18.975+02:00 DEBUG 21672 --- [SafetyNetAlerts] [           main] c.o.S.service.impl.PersonServiceImpl     : Compute age for John Boyd
2025-09-08T18:08:18.975+02:00 DEBUG 21672 --- [SafetyNetAlerts] [           main] c.o.S.s.impl.MedicalRecordServiceImpl    : Get medicalRecord John Boyd
2025-09-08T18:08:18.975+02:00 DEBUG 21672 --- [SafetyNetAlerts] [           main] c.o.S.r.i.MedicalRecordRepositoryImpl    : Repo get medicalRecord John Boyd
2025-09-08T18:08:18.975+02:00  INFO 21672 --- [SafetyNetAlerts] [           main] c.o.S.r.i.MedicalRecordRepositoryImpl    : Repo get -> found John Boyd
2025-09-08T18:08:18.975+02:00 DEBUG 21672 --- [SafetyNetAlerts] [           main] c.o.S.r.i.MedicalRecordRepositoryImpl    : Medical record loaded (details omitted)
2025-09-08T18:08:18.975+02:00  INFO 21672 --- [SafetyNetAlerts] [           main] c.o.S.s.impl.MedicalRecordServiceImpl    : Get medicalRecord -> found (John Boyd)
2025-09-08T18:08:18.975+02:00 DEBUG 21672 --- [SafetyNetAlerts] [           main] c.o.S.s.impl.MedicalRecordServiceImpl    : Medical details loaded (omitted in logs)
2025-09-08T18:08:18.976+02:00 DEBUG 21672 --- [SafetyNetAlerts] [           main] c.o.S.service.impl.PersonServiceImpl     : Computed age for John Boyd -> 41
2025-09-08T18:08:18.976+02:00 DEBUG 21672 --- [SafetyNetAlerts] [           main] c.o.S.service.impl.PersonServiceImpl     : Compute age for Jacob Boyd
2025-09-08T18:08:18.976+02:00 DEBUG 21672 --- [SafetyNetAlerts] [           main] c.o.S.s.impl.MedicalRecordServiceImpl    : Get medicalRecord Jacob Boyd
2025-09-08T18:08:18.976+02:00 DEBUG 21672 --- [SafetyNetAlerts] [           main] c.o.S.r.i.MedicalRecordRepositoryImpl    : Repo get medicalRecord Jacob Boyd
2025-09-08T18:08:18.976+02:00  INFO 21672 --- [SafetyNetAlerts] [           main] c.o.S.r.i.MedicalRecordRepositoryImpl    : Repo get -> found Jacob Boyd
2025-09-08T18:08:18.976+02:00 DEBUG 21672 --- [SafetyNetAlerts] [           main] c.o.S.r.i.MedicalRecordRepositoryImpl    : Medical record loaded (details omitted)
2025-09-08T18:08:18.976+02:00  INFO 21672 --- [SafetyNetAlerts] [           main] c.o.S.s.impl.MedicalRecordServiceImpl    : Get medicalRecord -> found (Jacob Boyd)
2025-09-08T18:08:18.976+02:00 DEBUG 21672 --- [SafetyNetAlerts] [           main] c.o.S.s.impl.MedicalRecordServiceImpl    : Medical details loaded (omitted in logs)
2025-09-08T18:08:18.976+02:00 DEBUG 21672 --- [SafetyNetAlerts] [           main] c.o.S.service.impl.PersonServiceImpl     : Computed age for Jacob Boyd -> 36
2025-09-08T18:08:18.976+02:00 DEBUG 21672 --- [SafetyNetAlerts] [           main] c.o.S.service.impl.PersonServiceImpl     : Compute age for Tenley Boyd
2025-09-08T18:08:18.976+02:00 DEBUG 21672 --- [SafetyNetAlerts] [           main] c.o.S.s.impl.MedicalRecordServiceImpl    : Get medicalRecord Tenley Boyd
2025-09-08T18:08:18.976+02:00 DEBUG 21672 --- [SafetyNetAlerts] [           main] c.o.S.r.i.MedicalRecordRepositoryImpl    : Repo get medicalRecord Tenley Boyd
2025-09-08T18:08:18.976+02:00  INFO 21672 --- [SafetyNetAlerts] [           main] c.o.S.r.i.MedicalRecordRepositoryImpl    : Repo get -> found Tenley Boyd
2025-09-08T18:08:18.976+02:00 DEBUG 21672 --- [SafetyNetAlerts] [           main] c.o.S.r.i.MedicalRecordRepositoryImpl    : Medical record loaded (details omitted)
2025-09-08T18:08:18.976+02:00  INFO 21672 --- [SafetyNetAlerts] [           main] c.o.S.s.impl.MedicalRecordServiceImpl    : Get medicalRecord -> found (Tenley Boyd)
2025-09-08T18:08:18.976+02:00 DEBUG 21672 --- [SafetyNetAlerts] [           main] c.o.S.s.impl.MedicalRecordServiceImpl    : Medical details loaded (omitted in logs)
2025-09-08T18:08:18.976+02:00 DEBUG 21672 --- [SafetyNetAlerts] [           main] c.o.S.service.impl.PersonServiceImpl     : Computed age for Tenley Boyd -> 13
2025-09-08T18:08:18.976+02:00 DEBUG 21672 --- [SafetyNetAlerts] [           main] c.o.S.service.impl.PersonServiceImpl     : Compute age for Roger Boyd
2025-09-08T18:08:18.976+02:00 DEBUG 21672 --- [SafetyNetAlerts] [           main] c.o.S.s.impl.MedicalRecordServiceImpl    : Get medicalRecord Roger Boyd
2025-09-08T18:08:18.976+02:00 DEBUG 21672 --- [SafetyNetAlerts] [           main] c.o.S.r.i.MedicalRecordRepositoryImpl    : Repo get medicalRecord Roger Boyd
2025-09-08T18:08:18.976+02:00  INFO 21672 --- [SafetyNetAlerts] [           main] c.o.S.r.i.MedicalRecordRepositoryImpl    : Repo get -> found Roger Boyd
2025-09-08T18:08:18.976+02:00 DEBUG 21672 --- [SafetyNetAlerts] [           main] c.o.S.r.i.MedicalRecordRepositoryImpl    : Medical record loaded (details omitted)
2025-09-08T18:08:18.976+02:00  INFO 21672 --- [SafetyNetAlerts] [           main] c.o.S.s.impl.MedicalRecordServiceImpl    : Get medicalRecord -> found (Roger Boyd)
2025-09-08T18:08:18.976+02:00 DEBUG 21672 --- [SafetyNetAlerts] [           main] c.o.S.s.impl.MedicalRecordServiceImpl    : Medical details loaded (omitted in logs)
2025-09-08T18:08:18.976+02:00 DEBUG 21672 --- [SafetyNetAlerts] [           main] c.o.S.service.impl.PersonServiceImpl     : Computed age for Roger Boyd -> 8
2025-09-08T18:08:18.976+02:00 DEBUG 21672 --- [SafetyNetAlerts] [           main] c.o.S.service.impl.PersonServiceImpl     : Compute age for Felicia Boyd
2025-09-08T18:08:18.976+02:00 DEBUG 21672 --- [SafetyNetAlerts] [           main] c.o.S.s.impl.MedicalRecordServiceImpl    : Get medicalRecord Felicia Boyd
2025-09-08T18:08:18.976+02:00 DEBUG 21672 --- [SafetyNetAlerts] [           main] c.o.S.r.i.MedicalRecordRepositoryImpl    : Repo get medicalRecord Felicia Boyd
2025-09-08T18:08:18.976+02:00  INFO 21672 --- [SafetyNetAlerts] [           main] c.o.S.r.i.MedicalRecordRepositoryImpl    : Repo get -> found Felicia Boyd
2025-09-08T18:08:18.976+02:00 DEBUG 21672 --- [SafetyNetAlerts] [           main] c.o.S.r.i.MedicalRecordRepositoryImpl    : Medical record loaded (details omitted)
2025-09-08T18:08:18.977+02:00  INFO 21672 --- [SafetyNetAlerts] [           main] c.o.S.s.impl.MedicalRecordServiceImpl    : Get medicalRecord -> found (Felicia Boyd)
2025-09-08T18:08:18.977+02:00 DEBUG 21672 --- [SafetyNetAlerts] [           main] c.o.S.s.impl.MedicalRecordServiceImpl    : Medical details loaded (omitted in logs)
2025-09-08T18:08:18.977+02:00 DEBUG 21672 --- [SafetyNetAlerts] [           main] c.o.S.service.impl.PersonServiceImpl     : Computed age for Felicia Boyd -> 39
2025-09-08T18:08:18.977+02:00 DEBUG 21672 --- [SafetyNetAlerts] [           main] c.o.S.service.impl.PersonServiceImpl     : Compute age for Tessa Carman
2025-09-08T18:08:18.977+02:00 DEBUG 21672 --- [SafetyNetAlerts] [           main] c.o.S.s.impl.MedicalRecordServiceImpl    : Get medicalRecord Tessa Carman
2025-09-08T18:08:18.977+02:00 DEBUG 21672 --- [SafetyNetAlerts] [           main] c.o.S.r.i.MedicalRecordRepositoryImpl    : Repo get medicalRecord Tessa Carman
2025-09-08T18:08:18.977+02:00  INFO 21672 --- [SafetyNetAlerts] [           main] c.o.S.r.i.MedicalRecordRepositoryImpl    : Repo get -> found Tessa Carman
2025-09-08T18:08:18.977+02:00 DEBUG 21672 --- [SafetyNetAlerts] [           main] c.o.S.r.i.MedicalRecordRepositoryImpl    : Medical record loaded (details omitted)
2025-09-08T18:08:18.977+02:00  INFO 21672 --- [SafetyNetAlerts] [           main] c.o.S.s.impl.MedicalRecordServiceImpl    : Get medicalRecord -> found (Tessa Carman)
2025-09-08T18:08:18.977+02:00 DEBUG 21672 --- [SafetyNetAlerts] [           main] c.o.S.s.impl.MedicalRecordServiceImpl    : Medical details loaded (omitted in logs)
2025-09-08T18:08:18.977+02:00 DEBUG 21672 --- [SafetyNetAlerts] [           main] c.o.S.service.impl.PersonServiceImpl     : Computed age for Tessa Carman -> 13
2025-09-08T18:08:18.977+02:00 DEBUG 21672 --- [SafetyNetAlerts] [           main] c.o.S.service.impl.PersonServiceImpl     : Compute age for Foster Shepard
2025-09-08T18:08:18.977+02:00 DEBUG 21672 --- [SafetyNetAlerts] [           main] c.o.S.s.impl.MedicalRecordServiceImpl    : Get medicalRecord Foster Shepard
2025-09-08T18:08:18.977+02:00 DEBUG 21672 --- [SafetyNetAlerts] [           main] c.o.S.r.i.MedicalRecordRepositoryImpl    : Repo get medicalRecord Foster Shepard
2025-09-08T18:08:18.977+02:00  INFO 21672 --- [SafetyNetAlerts] [           main] c.o.S.r.i.MedicalRecordRepositoryImpl    : Repo get -> found Foster Shepard
2025-09-08T18:08:18.977+02:00 DEBUG 21672 --- [SafetyNetAlerts] [           main] c.o.S.r.i.MedicalRecordRepositoryImpl    : Medical record loaded (details omitted)
2025-09-08T18:08:18.977+02:00  INFO 21672 --- [SafetyNetAlerts] [           main] c.o.S.s.impl.MedicalRecordServiceImpl    : Get medicalRecord -> found (Foster Shepard)
2025-09-08T18:08:18.977+02:00 DEBUG 21672 --- [SafetyNetAlerts] [           main] c.o.S.s.impl.MedicalRecordServiceImpl    : Medical details loaded (omitted in logs)
2025-09-08T18:08:18.977+02:00 DEBUG 21672 --- [SafetyNetAlerts] [           main] c.o.S.service.impl.PersonServiceImpl     : Computed age for Foster Shepard -> 45
2025-09-08T18:08:18.977+02:00 DEBUG 21672 --- [SafetyNetAlerts] [           main] c.o.S.service.impl.PersonServiceImpl     : Compute age for Tony Cooper
2025-09-08T18:08:18.977+02:00 DEBUG 21672 --- [SafetyNetAlerts] [           main] c.o.S.s.impl.MedicalRecordServiceImpl    : Get medicalRecord Tony Cooper
2025-09-08T18:08:18.977+02:00 DEBUG 21672 --- [SafetyNetAlerts] [           main] c.o.S.r.i.MedicalRecordRepositoryImpl    : Repo get medicalRecord Tony Cooper
2025-09-08T18:08:18.977+02:00  INFO 21672 --- [SafetyNetAlerts] [           main] c.o.S.r.i.MedicalRecordRepositoryImpl    : Repo get -> found Tony Cooper
2025-09-08T18:08:18.977+02:00 DEBUG 21672 --- [SafetyNetAlerts] [           main] c.o.S.r.i.MedicalRecordRepositoryImpl    : Medical record loaded (details omitted)
2025-09-08T18:08:18.977+02:00  INFO 21672 --- [SafetyNetAlerts] [           main] c.o.S.s.impl.MedicalRecordServiceImpl    : Get medicalRecord -> found (Tony Cooper)
2025-09-08T18:08:18.977+02:00 DEBUG 21672 --- [SafetyNetAlerts] [           main] c.o.S.s.impl.MedicalRecordServiceImpl    : Medical details loaded (omitted in logs)
2025-09-08T18:08:18.978+02:00 DEBUG 21672 --- [SafetyNetAlerts] [           main] c.o.S.service.impl.PersonServiceImpl     : Computed age for Tony Cooper -> 31
2025-09-08T18:08:18.978+02:00 DEBUG 21672 --- [SafetyNetAlerts] [           main] c.o.S.service.impl.PersonServiceImpl     : Compute age for Ron Peters
2025-09-08T18:08:18.978+02:00 DEBUG 21672 --- [SafetyNetAlerts] [           main] c.o.S.s.impl.MedicalRecordServiceImpl    : Get medicalRecord Ron Peters
2025-09-08T18:08:18.978+02:00 DEBUG 21672 --- [SafetyNetAlerts] [           main] c.o.S.r.i.MedicalRecordRepositoryImpl    : Repo get medicalRecord Ron Peters
2025-09-08T18:08:18.978+02:00  INFO 21672 --- [SafetyNetAlerts] [           main] c.o.S.r.i.MedicalRecordRepositoryImpl    : Repo get -> found Ron Peters
2025-09-08T18:08:18.978+02:00 DEBUG 21672 --- [SafetyNetAlerts] [           main] c.o.S.r.i.MedicalRecordRepositoryImpl    : Medical record loaded (details omitted)
2025-09-08T18:08:18.978+02:00  INFO 21672 --- [SafetyNetAlerts] [           main] c.o.S.s.impl.MedicalRecordServiceImpl    : Get medicalRecord -> found (Ron Peters)
2025-09-08T18:08:18.978+02:00 DEBUG 21672 --- [SafetyNetAlerts] [           main] c.o.S.s.impl.MedicalRecordServiceImpl    : Medical details loaded (omitted in logs)
2025-09-08T18:08:18.978+02:00 DEBUG 21672 --- [SafetyNetAlerts] [           main] c.o.S.service.impl.PersonServiceImpl     : Computed age for Ron Peters -> 60
2025-09-08T18:08:18.978+02:00 DEBUG 21672 --- [SafetyNetAlerts] [           main] c.o.S.service.impl.PersonServiceImpl     : Compute age for Allison Boyd
2025-09-08T18:08:18.978+02:00 DEBUG 21672 --- [SafetyNetAlerts] [           main] c.o.S.s.impl.MedicalRecordServiceImpl    : Get medicalRecord Allison Boyd
2025-09-08T18:08:18.978+02:00 DEBUG 21672 --- [SafetyNetAlerts] [           main] c.o.S.r.i.MedicalRecordRepositoryImpl    : Repo get medicalRecord Allison Boyd
2025-09-08T18:08:18.978+02:00  INFO 21672 --- [SafetyNetAlerts] [           main] c.o.S.r.i.MedicalRecordRepositoryImpl    : Repo get -> found Allison Boyd
2025-09-08T18:08:18.978+02:00 DEBUG 21672 --- [SafetyNetAlerts] [           main] c.o.S.r.i.MedicalRecordRepositoryImpl    : Medical record loaded (details omitted)
2025-09-08T18:08:18.978+02:00  INFO 21672 --- [SafetyNetAlerts] [           main] c.o.S.s.impl.MedicalRecordServiceImpl    : Get medicalRecord -> found (Allison Boyd)
2025-09-08T18:08:18.978+02:00 DEBUG 21672 --- [SafetyNetAlerts] [           main] c.o.S.s.impl.MedicalRecordServiceImpl    : Medical details loaded (omitted in logs)
2025-09-08T18:08:18.978+02:00 DEBUG 21672 --- [SafetyNetAlerts] [           main] c.o.S.service.impl.PersonServiceImpl     : Computed age for Allison Boyd -> 60
2025-09-08T18:08:18.978+02:00 DEBUG 21672 --- [SafetyNetAlerts] [           main] c.o.S.service.impl.PersonServiceImpl     : Compute age for Clive Ferguson
2025-09-08T18:08:18.978+02:00 DEBUG 21672 --- [SafetyNetAlerts] [           main] c.o.S.s.impl.MedicalRecordServiceImpl    : Get medicalRecord Clive Ferguson
2025-09-08T18:08:18.978+02:00 DEBUG 21672 --- [SafetyNetAlerts] [           main] c.o.S.r.i.MedicalRecordRepositoryImpl    : Repo get medicalRecord Clive Ferguson
2025-09-08T18:08:18.978+02:00  INFO 21672 --- [SafetyNetAlerts] [           main] c.o.S.r.i.MedicalRecordRepositoryImpl    : Repo get -> found Clive Ferguson
2025-09-08T18:08:18.978+02:00 DEBUG 21672 --- [SafetyNetAlerts] [           main] c.o.S.r.i.MedicalRecordRepositoryImpl    : Medical record loaded (details omitted)
2025-09-08T18:08:18.978+02:00  INFO 21672 --- [SafetyNetAlerts] [           main] c.o.S.s.impl.MedicalRecordServiceImpl    : Get medicalRecord -> found (Clive Ferguson)
2025-09-08T18:08:18.978+02:00 DEBUG 21672 --- [SafetyNetAlerts] [           main] c.o.S.s.impl.MedicalRecordServiceImpl    : Medical details loaded (omitted in logs)
2025-09-08T18:08:18.978+02:00 DEBUG 21672 --- [SafetyNetAlerts] [           main] c.o.S.service.impl.PersonServiceImpl     : Computed age for Clive Ferguson -> 31
2025-09-08T18:08:18.978+02:00  INFO 21672 --- [SafetyNetAlerts] [           main] c.o.S.service.impl.PersonServiceImpl     : Coverage station=3 -> residents=11, adults=8, children=3
2025-09-08T18:08:18.979+02:00 DEBUG 21672 --- [SafetyNetAlerts] [           main] c.o.S.service.impl.PersonServiceImpl     : Coverage sample phones: [841-874-6512, 841-874-6513, 841-874-6512]
2025-09-08T18:08:18.979+02:00  INFO 21672 --- [SafetyNetAlerts] [           main] c.o.S.controller.PersonController        : GET /firestation -> 200 OK, residents=11, adults=8, children=3
2025-09-08T18:08:18.979+02:00 DEBUG 21672 --- [SafetyNetAlerts] [           main] c.o.S.controller.PersonController        : Sample phones: [841-874-6512, 841-874-6513, 841-874-6512]
]]></system-out>
  </testcase>
  <testcase name="getPhoneByFireStationTest" classname="com.openclassrooms.SafetyNetAlerts.integrationtests.ApiIntegrationTest" time="0.006">
    <system-out><![CDATA[2025-09-08T18:08:18.985+02:00  INFO 21672 --- [SafetyNetAlerts] [           main] c.o.S.controller.PersonController        : GET /phoneAlert?firestation=3
2025-09-08T18:08:18.985+02:00  INFO 21672 --- [SafetyNetAlerts] [           main] c.o.S.service.impl.PersonServiceImpl     : PhoneAlert for station=3
2025-09-08T18:08:18.985+02:00  INFO 21672 --- [SafetyNetAlerts] [           main] c.o.S.s.impl.FireStationServiceImpl      : FindAll fireStations
2025-09-08T18:08:18.985+02:00  INFO 21672 --- [SafetyNetAlerts] [           main] c.o.S.r.impl.FireStationRepositoryImpl   : Repo findAll fireStations
2025-09-08T18:08:18.985+02:00  INFO 21672 --- [SafetyNetAlerts] [           main] c.o.S.r.impl.FireStationRepositoryImpl   : Repo findAll -> count=13
2025-09-08T18:08:18.985+02:00 DEBUG 21672 --- [SafetyNetAlerts] [           main] c.o.S.r.impl.FireStationRepositoryImpl   : Repo findAll sample: [FireStation(address=1509 Culver St, station=3), FireStation(address=29 15th St, station=2), FireStation(address=834 Binoc Ave, station=3)]
2025-09-08T18:08:18.985+02:00  INFO 21672 --- [SafetyNetAlerts] [           main] c.o.S.s.impl.FireStationServiceImpl      : FindAll fireStations -> count=13
2025-09-08T18:08:18.985+02:00 DEBUG 21672 --- [SafetyNetAlerts] [           main] c.o.S.s.impl.FireStationServiceImpl      : findAll sample: [FireStation(address=1509 Culver St, station=3), FireStation(address=29 15th St, station=2), FireStation(address=834 Binoc Ave, station=3)]
2025-09-08T18:08:18.985+02:00 DEBUG 21672 --- [SafetyNetAlerts] [           main] c.o.S.service.impl.PersonServiceImpl     : Mappings total: 13
2025-09-08T18:08:18.985+02:00 DEBUG 21672 --- [SafetyNetAlerts] [           main] c.o.S.service.impl.PersonServiceImpl     : phoneAlert station=3 covers 5 addresses
2025-09-08T18:08:18.985+02:00  INFO 21672 --- [SafetyNetAlerts] [           main] c.o.S.r.impl.PersonRepositoryImpl        : Repo findAll persons
2025-09-08T18:08:18.985+02:00  INFO 21672 --- [SafetyNetAlerts] [           main] c.o.S.r.impl.PersonRepositoryImpl        : Repo findAll -> count=23
2025-09-08T18:08:18.985+02:00 DEBUG 21672 --- [SafetyNetAlerts] [           main] c.o.S.r.impl.PersonRepositoryImpl        : Repo findAll sample: [Person(firstName=John, lastName=Boyd, address=1509 Culver St, city=Culver, zip=97451, phone=841-874-6512, email=jaboyd@email.com), Person(firstName=Jacob, lastName=Boyd, address=1509 Culver St, city=Culver, zip=97451, phone=841-874-6513, email=drk@email.com), Person(firstName=Tenley, lastName=Boyd, address=1509 Culver St, city=Culver, zip=97451, phone=841-874-6512, email=tenz@email.com)]
2025-09-08T18:08:18.985+02:00 DEBUG 21672 --- [SafetyNetAlerts] [           main] c.o.S.service.impl.PersonServiceImpl     : Persons total: 23
2025-09-08T18:08:18.986+02:00  INFO 21672 --- [SafetyNetAlerts] [           main] c.o.S.service.impl.PersonServiceImpl     : phoneAlert station=3 -> phones=7
2025-09-08T18:08:18.986+02:00 DEBUG 21672 --- [SafetyNetAlerts] [           main] c.o.S.service.impl.PersonServiceImpl     : phoneAlert sample: [841-874-6741, 841-874-6544, 841-874-6874]
2025-09-08T18:08:18.986+02:00  INFO 21672 --- [SafetyNetAlerts] [           main] c.o.S.controller.PersonController        : GET /phoneAlert -> 200 OK, phones=7
2025-09-08T18:08:18.986+02:00 DEBUG 21672 --- [SafetyNetAlerts] [           main] c.o.S.controller.PersonController        : Sample phones: [841-874-6741, 841-874-6544, 841-874-6874]
]]></system-out>
  </testcase>
  <testcase name="getChildInfosTest" classname="com.openclassrooms.SafetyNetAlerts.integrationtests.ApiIntegrationTest" time="0.008">
    <system-out><![CDATA[2025-09-08T18:08:18.992+02:00  INFO 21672 --- [SafetyNetAlerts] [           main] c.o.S.controller.PersonController        : GET /childAlert?address=1509 Culver St
2025-09-08T18:08:18.992+02:00  INFO 21672 --- [SafetyNetAlerts] [           main] c.o.S.service.impl.PersonServiceImpl     : ChildAlert for address='1509 Culver St'
2025-09-08T18:08:18.992+02:00  INFO 21672 --- [SafetyNetAlerts] [           main] c.o.S.r.impl.PersonRepositoryImpl        : Repo findAll persons
2025-09-08T18:08:18.992+02:00  INFO 21672 --- [SafetyNetAlerts] [           main] c.o.S.r.impl.PersonRepositoryImpl        : Repo findAll -> count=23
2025-09-08T18:08:18.992+02:00 DEBUG 21672 --- [SafetyNetAlerts] [           main] c.o.S.r.impl.PersonRepositoryImpl        : Repo findAll sample: [Person(firstName=John, lastName=Boyd, address=1509 Culver St, city=Culver, zip=97451, phone=841-874-6512, email=jaboyd@email.com), Person(firstName=Jacob, lastName=Boyd, address=1509 Culver St, city=Culver, zip=97451, phone=841-874-6513, email=drk@email.com), Person(firstName=Tenley, lastName=Boyd, address=1509 Culver St, city=Culver, zip=97451, phone=841-874-6512, email=tenz@email.com)]
2025-09-08T18:08:18.992+02:00 DEBUG 21672 --- [SafetyNetAlerts] [           main] c.o.S.service.impl.PersonServiceImpl     : Persons total: 23
2025-09-08T18:08:18.992+02:00 DEBUG 21672 --- [SafetyNetAlerts] [           main] c.o.S.service.impl.PersonServiceImpl     : Persons at address='1509 Culver St': 5
2025-09-08T18:08:18.992+02:00 DEBUG 21672 --- [SafetyNetAlerts] [           main] c.o.S.service.impl.PersonServiceImpl     : Compute age for John Boyd
2025-09-08T18:08:18.992+02:00 DEBUG 21672 --- [SafetyNetAlerts] [           main] c.o.S.s.impl.MedicalRecordServiceImpl    : Get medicalRecord John Boyd
2025-09-08T18:08:18.992+02:00 DEBUG 21672 --- [SafetyNetAlerts] [           main] c.o.S.r.i.MedicalRecordRepositoryImpl    : Repo get medicalRecord John Boyd
2025-09-08T18:08:18.992+02:00  INFO 21672 --- [SafetyNetAlerts] [           main] c.o.S.r.i.MedicalRecordRepositoryImpl    : Repo get -> found John Boyd
2025-09-08T18:08:18.992+02:00 DEBUG 21672 --- [SafetyNetAlerts] [           main] c.o.S.r.i.MedicalRecordRepositoryImpl    : Medical record loaded (details omitted)
2025-09-08T18:08:18.992+02:00  INFO 21672 --- [SafetyNetAlerts] [           main] c.o.S.s.impl.MedicalRecordServiceImpl    : Get medicalRecord -> found (John Boyd)
2025-09-08T18:08:18.992+02:00 DEBUG 21672 --- [SafetyNetAlerts] [           main] c.o.S.s.impl.MedicalRecordServiceImpl    : Medical details loaded (omitted in logs)
2025-09-08T18:08:18.993+02:00 DEBUG 21672 --- [SafetyNetAlerts] [           main] c.o.S.service.impl.PersonServiceImpl     : Computed age for John Boyd -> 41
2025-09-08T18:08:18.993+02:00 DEBUG 21672 --- [SafetyNetAlerts] [           main] c.o.S.service.impl.PersonServiceImpl     : Compute age for Jacob Boyd
2025-09-08T18:08:18.993+02:00 DEBUG 21672 --- [SafetyNetAlerts] [           main] c.o.S.s.impl.MedicalRecordServiceImpl    : Get medicalRecord Jacob Boyd
2025-09-08T18:08:18.993+02:00 DEBUG 21672 --- [SafetyNetAlerts] [           main] c.o.S.r.i.MedicalRecordRepositoryImpl    : Repo get medicalRecord Jacob Boyd
2025-09-08T18:08:18.993+02:00  INFO 21672 --- [SafetyNetAlerts] [           main] c.o.S.r.i.MedicalRecordRepositoryImpl    : Repo get -> found Jacob Boyd
2025-09-08T18:08:18.993+02:00 DEBUG 21672 --- [SafetyNetAlerts] [           main] c.o.S.r.i.MedicalRecordRepositoryImpl    : Medical record loaded (details omitted)
2025-09-08T18:08:18.993+02:00  INFO 21672 --- [SafetyNetAlerts] [           main] c.o.S.s.impl.MedicalRecordServiceImpl    : Get medicalRecord -> found (Jacob Boyd)
2025-09-08T18:08:18.993+02:00 DEBUG 21672 --- [SafetyNetAlerts] [           main] c.o.S.s.impl.MedicalRecordServiceImpl    : Medical details loaded (omitted in logs)
2025-09-08T18:08:18.993+02:00 DEBUG 21672 --- [SafetyNetAlerts] [           main] c.o.S.service.impl.PersonServiceImpl     : Computed age for Jacob Boyd -> 36
2025-09-08T18:08:18.993+02:00 DEBUG 21672 --- [SafetyNetAlerts] [           main] c.o.S.service.impl.PersonServiceImpl     : Compute age for Tenley Boyd
2025-09-08T18:08:18.993+02:00 DEBUG 21672 --- [SafetyNetAlerts] [           main] c.o.S.s.impl.MedicalRecordServiceImpl    : Get medicalRecord Tenley Boyd
2025-09-08T18:08:18.993+02:00 DEBUG 21672 --- [SafetyNetAlerts] [           main] c.o.S.r.i.MedicalRecordRepositoryImpl    : Repo get medicalRecord Tenley Boyd
2025-09-08T18:08:18.993+02:00  INFO 21672 --- [SafetyNetAlerts] [           main] c.o.S.r.i.MedicalRecordRepositoryImpl    : Repo get -> found Tenley Boyd
2025-09-08T18:08:18.993+02:00 DEBUG 21672 --- [SafetyNetAlerts] [           main] c.o.S.r.i.MedicalRecordRepositoryImpl    : Medical record loaded (details omitted)
2025-09-08T18:08:18.993+02:00  INFO 21672 --- [SafetyNetAlerts] [           main] c.o.S.s.impl.MedicalRecordServiceImpl    : Get medicalRecord -> found (Tenley Boyd)
2025-09-08T18:08:18.993+02:00 DEBUG 21672 --- [SafetyNetAlerts] [           main] c.o.S.s.impl.MedicalRecordServiceImpl    : Medical details loaded (omitted in logs)
2025-09-08T18:08:18.993+02:00 DEBUG 21672 --- [SafetyNetAlerts] [           main] c.o.S.service.impl.PersonServiceImpl     : Computed age for Tenley Boyd -> 13
2025-09-08T18:08:18.993+02:00 DEBUG 21672 --- [SafetyNetAlerts] [           main] c.o.S.service.impl.PersonServiceImpl     : Compute age for Roger Boyd
2025-09-08T18:08:18.993+02:00 DEBUG 21672 --- [SafetyNetAlerts] [           main] c.o.S.s.impl.MedicalRecordServiceImpl    : Get medicalRecord Roger Boyd
2025-09-08T18:08:18.993+02:00 DEBUG 21672 --- [SafetyNetAlerts] [           main] c.o.S.r.i.MedicalRecordRepositoryImpl    : Repo get medicalRecord Roger Boyd
2025-09-08T18:08:18.993+02:00  INFO 21672 --- [SafetyNetAlerts] [           main] c.o.S.r.i.MedicalRecordRepositoryImpl    : Repo get -> found Roger Boyd
2025-09-08T18:08:18.993+02:00 DEBUG 21672 --- [SafetyNetAlerts] [           main] c.o.S.r.i.MedicalRecordRepositoryImpl    : Medical record loaded (details omitted)
2025-09-08T18:08:18.993+02:00  INFO 21672 --- [SafetyNetAlerts] [           main] c.o.S.s.impl.MedicalRecordServiceImpl    : Get medicalRecord -> found (Roger Boyd)
2025-09-08T18:08:18.993+02:00 DEBUG 21672 --- [SafetyNetAlerts] [           main] c.o.S.s.impl.MedicalRecordServiceImpl    : Medical details loaded (omitted in logs)
2025-09-08T18:08:18.993+02:00 DEBUG 21672 --- [SafetyNetAlerts] [           main] c.o.S.service.impl.PersonServiceImpl     : Computed age for Roger Boyd -> 8
2025-09-08T18:08:18.993+02:00 DEBUG 21672 --- [SafetyNetAlerts] [           main] c.o.S.service.impl.PersonServiceImpl     : Compute age for Felicia Boyd
2025-09-08T18:08:18.993+02:00 DEBUG 21672 --- [SafetyNetAlerts] [           main] c.o.S.s.impl.MedicalRecordServiceImpl    : Get medicalRecord Felicia Boyd
2025-09-08T18:08:18.993+02:00 DEBUG 21672 --- [SafetyNetAlerts] [           main] c.o.S.r.i.MedicalRecordRepositoryImpl    : Repo get medicalRecord Felicia Boyd
2025-09-08T18:08:18.993+02:00  INFO 21672 --- [SafetyNetAlerts] [           main] c.o.S.r.i.MedicalRecordRepositoryImpl    : Repo get -> found Felicia Boyd
2025-09-08T18:08:18.993+02:00 DEBUG 21672 --- [SafetyNetAlerts] [           main] c.o.S.r.i.MedicalRecordRepositoryImpl    : Medical record loaded (details omitted)
2025-09-08T18:08:18.993+02:00  INFO 21672 --- [SafetyNetAlerts] [           main] c.o.S.s.impl.MedicalRecordServiceImpl    : Get medicalRecord -> found (Felicia Boyd)
2025-09-08T18:08:18.993+02:00 DEBUG 21672 --- [SafetyNetAlerts] [           main] c.o.S.s.impl.MedicalRecordServiceImpl    : Medical details loaded (omitted in logs)
2025-09-08T18:08:18.993+02:00 DEBUG 21672 --- [SafetyNetAlerts] [           main] c.o.S.service.impl.PersonServiceImpl     : Computed age for Felicia Boyd -> 39
2025-09-08T18:08:18.993+02:00  INFO 21672 --- [SafetyNetAlerts] [           main] c.o.S.service.impl.PersonServiceImpl     : childAlert address='1509 Culver St' -> children=2
2025-09-08T18:08:18.993+02:00 DEBUG 21672 --- [SafetyNetAlerts] [           main] c.o.S.service.impl.PersonServiceImpl     : childAlert sample: [ChildDTO(firstName=Tenley, lastName=Boyd, age=13, family=[FamilyMemberDTO(firstName=John, lastName=Boyd), FamilyMemberDTO(firstName=Jacob, lastName=Boyd), FamilyMemberDTO(firstName=Roger, lastName=Boyd), FamilyMemberDTO(firstName=Felicia, lastName=Boyd)]), ChildDTO(firstName=Roger, lastName=Boyd, age=8, family=[FamilyMemberDTO(firstName=John, lastName=Boyd), FamilyMemberDTO(firstName=Jacob, lastName=Boyd), FamilyMemberDTO(firstName=Tenley, lastName=Boyd), FamilyMemberDTO(firstName=Felicia, lastName=Boyd)])]
2025-09-08T18:08:18.993+02:00  INFO 21672 --- [SafetyNetAlerts] [           main] c.o.S.controller.PersonController        : GET /childAlert -> 200 OK, children=2
2025-09-08T18:08:18.993+02:00 DEBUG 21672 --- [SafetyNetAlerts] [           main] c.o.S.controller.PersonController        : Children detail sample: [ChildDTO(firstName=Tenley, lastName=Boyd, age=13, family=[FamilyMemberDTO(firstName=John, lastName=Boyd), FamilyMemberDTO(firstName=Jacob, lastName=Boyd), FamilyMemberDTO(firstName=Roger, lastName=Boyd), FamilyMemberDTO(firstName=Felicia, lastName=Boyd)]), ChildDTO(firstName=Roger, lastName=Boyd, age=8, family=[FamilyMemberDTO(firstName=John, lastName=Boyd), FamilyMemberDTO(firstName=Jacob, lastName=Boyd), FamilyMemberDTO(firstName=Tenley, lastName=Boyd), FamilyMemberDTO(firstName=Felicia, lastName=Boyd)])]
]]></system-out>
  </testcase>
  <testcase name="getEmailTest" classname="com.openclassrooms.SafetyNetAlerts.integrationtests.ApiIntegrationTest" time="0.009">
    <system-out><![CDATA[2025-09-08T18:08:19.000+02:00  INFO 21672 --- [SafetyNetAlerts] [           main] c.o.S.controller.PersonController        : GET /communityEmail?city=Culver
2025-09-08T18:08:19.001+02:00  INFO 21672 --- [SafetyNetAlerts] [           main] c.o.S.service.impl.PersonServiceImpl     : CommunityEmail city='Culver'
2025-09-08T18:08:19.001+02:00  INFO 21672 --- [SafetyNetAlerts] [           main] c.o.S.r.impl.PersonRepositoryImpl        : Repo findAll persons
2025-09-08T18:08:19.001+02:00  INFO 21672 --- [SafetyNetAlerts] [           main] c.o.S.r.impl.PersonRepositoryImpl        : Repo findAll -> count=23
2025-09-08T18:08:19.001+02:00 DEBUG 21672 --- [SafetyNetAlerts] [           main] c.o.S.r.impl.PersonRepositoryImpl        : Repo findAll sample: [Person(firstName=John, lastName=Boyd, address=1509 Culver St, city=Culver, zip=97451, phone=841-874-6512, email=jaboyd@email.com), Person(firstName=Jacob, lastName=Boyd, address=1509 Culver St, city=Culver, zip=97451, phone=841-874-6513, email=drk@email.com), Person(firstName=Tenley, lastName=Boyd, address=1509 Culver St, city=Culver, zip=97451, phone=841-874-6512, email=tenz@email.com)]
2025-09-08T18:08:19.001+02:00 DEBUG 21672 --- [SafetyNetAlerts] [           main] c.o.S.service.impl.PersonServiceImpl     : communityEmail persons total: 23
2025-09-08T18:08:19.001+02:00  INFO 21672 --- [SafetyNetAlerts] [           main] c.o.S.service.impl.PersonServiceImpl     : communityEmail city='Culver' -> emails=15
2025-09-08T18:08:19.001+02:00 DEBUG 21672 --- [SafetyNetAlerts] [           main] c.o.S.service.impl.PersonServiceImpl     : communityEmail emails loaded (omitted in logs)
2025-09-08T18:08:19.001+02:00  INFO 21672 --- [SafetyNetAlerts] [           main] c.o.S.controller.PersonController        : GET /communityEmail -> 200 OK, emails=15
2025-09-08T18:08:19.001+02:00 DEBUG 21672 --- [SafetyNetAlerts] [           main] c.o.S.controller.PersonController        : Sample emails: [drk@email.com, soph@email.com, reg@email.com]
]]></system-out>
  </testcase>
</testsuite>